-- Found geometry_msgs: 4.9.0 (/opt/ros/humble/share/geometry_msgs/cmake)
-- Found rosidl_generator_c: 3.1.7 (/opt/ros/humble/share/rosidl_generator_c/cmake)
-- Found rosidl_adapter: 3.1.7 (/opt/ros/humble/share/rosidl_adapter/cmake)
-- Found rosidl_generator_cpp: 3.1.7 (/opt/ros/humble/share/rosidl_generator_cpp/cmake)
-- Using all available rosidl_typesupport_c: rosidl_typesupport_fastrtps_c;rosidl_typesupport_introspection_c
-- Using all available rosidl_typesupport_cpp: rosidl_typesupport_fastrtps_cpp;rosidl_typesupport_introspection_cpp
-- Found rosidl_default_generators: 1.2.0 (/opt/ros/humble/share/rosidl_default_generators/cmake)
-- Found ament_cmake_ros: 0.10.0 (/opt/ros/humble/share/ament_cmake_ros/cmake)
-- Using all available rosidl_typesupport_c: rosidl_typesupport_fastrtps_c;rosidl_typesupport_introspection_c
-- Using all available rosidl_typesupport_cpp: rosidl_typesupport_fastrtps_cpp;rosidl_typesupport_introspection_cpp
-- Found python_cmake_module: 0.10.0 (/opt/ros/humble/share/python_cmake_module/cmake)
-- Using PYTHON_EXECUTABLE: /usr/bin/python3
-- Using PYTHON_INCLUDE_DIRS: /usr/include/python3.10
-- Using PYTHON_LIBRARIES: /usr/lib/aarch64-linux-gnu/libpython3.10.so
-- Found ament_lint_auto: 0.12.14 (/opt/ros/humble/share/ament_lint_auto/cmake)
-- Added test 'lint_cmake' to check CMake code style
-- Added test 'xmllint' to check XML markup files
-- Configuring done
-- Generating done
-- Build files have been written to: /home/project/build/serve_interfaces
[  3%] [34m[1mGenerating C code for ROS interfaces[0m
[  6%] [34m[1mGenerating C++ code for ROS interfaces[0m
[  6%] Built target ament_cmake_python_copy_serve_interfaces
running egg_info
writing serve_interfaces.egg-info/PKG-INFO
writing dependency_links to serve_interfaces.egg-info/dependency_links.txt
writing top-level names to serve_interfaces.egg-info/top_level.txt
reading manifest file 'serve_interfaces.egg-info/SOURCES.txt'
writing manifest file 'serve_interfaces.egg-info/SOURCES.txt'
[  6%] Built target ament_cmake_python_build_serve_interfaces_egg
[  6%] Built target serve_interfaces__cpp
[35m[1mConsolidate compiler generated dependencies of target serve_interfaces__rosidl_generator_c[0m
[ 12%] [34m[1mGenerating C++ type support dispatch for ROS interfaces[0m
[ 12%] [34m[1mGenerating C++ type support for eProsima Fast-RTPS[0m
[ 16%] [34m[1mGenerating C++ introspection for ROS interfaces[0m
[ 19%] [32mBuilding C object CMakeFiles/serve_interfaces__rosidl_generator_c.dir/rosidl_generator_c/serve_interfaces/msg/detail/data__functions.c.o[0m
[ 22%] [32m[1mLinking C shared library libserve_interfaces__rosidl_generator_c.so[0m
[ 22%] Built target serve_interfaces__rosidl_generator_c
[ 25%] [34m[1mGenerating C type support for eProsima Fast-RTPS[0m
[ 32%] [34m[1mGenerating C type support dispatch for ROS interfaces[0m
[ 32%] [34m[1mGenerating C introspection for ROS interfaces[0m
[35m[1mConsolidate compiler generated dependencies of target serve_interfaces__rosidl_typesupport_cpp[0m
[35m[1mConsolidate compiler generated dependencies of target serve_interfaces__rosidl_typesupport_introspection_cpp[0m
[ 35%] [32mBuilding CXX object CMakeFiles/serve_interfaces__rosidl_typesupport_cpp.dir/rosidl_typesupport_cpp/serve_interfaces/msg/data__type_support.cpp.o[0m
[35m[1mConsolidate compiler generated dependencies of target serve_interfaces__rosidl_typesupport_fastrtps_cpp[0m
[ 38%] [32mBuilding CXX object CMakeFiles/serve_interfaces__rosidl_typesupport_introspection_cpp.dir/rosidl_typesupport_introspection_cpp/serve_interfaces/msg/detail/data__type_support.cpp.o[0m
[ 41%] [32mBuilding CXX object CMakeFiles/serve_interfaces__rosidl_typesupport_fastrtps_cpp.dir/rosidl_typesupport_fastrtps_cpp/serve_interfaces/msg/detail/dds_fastrtps/data__type_support.cpp.o[0m
[35m[1mConsolidate compiler generated dependencies of target serve_interfaces__rosidl_typesupport_c[0m
[ 45%] [32mBuilding CXX object CMakeFiles/serve_interfaces__rosidl_typesupport_c.dir/rosidl_typesupport_c/serve_interfaces/msg/data__type_support.cpp.o[0m
[35m[1mConsolidate compiler generated dependencies of target serve_interfaces__rosidl_typesupport_introspection_c[0m
[35m[1mConsolidate compiler generated dependencies of target serve_interfaces__rosidl_typesupport_fastrtps_c[0m
[ 48%] [32mBuilding C object CMakeFiles/serve_interfaces__rosidl_typesupport_introspection_c.dir/rosidl_typesupport_introspection_c/serve_interfaces/msg/detail/data__type_support.c.o[0m
[ 51%] [32mBuilding CXX object CMakeFiles/serve_interfaces__rosidl_typesupport_fastrtps_c.dir/rosidl_typesupport_fastrtps_c/serve_interfaces/msg/detail/data__type_support_c.cpp.o[0m
[ 54%] [32m[1mLinking CXX shared library libserve_interfaces__rosidl_typesupport_c.so[0m
[ 58%] [32m[1mLinking C shared library libserve_interfaces__rosidl_typesupport_introspection_c.so[0m
[ 58%] Built target serve_interfaces__rosidl_typesupport_introspection_c
[ 58%] Built target serve_interfaces__rosidl_typesupport_c
[ 61%] [32m[1mLinking CXX shared library libserve_interfaces__rosidl_typesupport_cpp.so[0m
[ 61%] Built target serve_interfaces__rosidl_typesupport_cpp
[ 64%] [32m[1mLinking CXX shared library libserve_interfaces__rosidl_typesupport_introspection_cpp.so[0m
[ 67%] [32m[1mLinking CXX shared library libserve_interfaces__rosidl_typesupport_fastrtps_cpp.so[0m
[ 67%] Built target serve_interfaces__rosidl_typesupport_introspection_cpp
[ 67%] Built target serve_interfaces__rosidl_typesupport_fastrtps_cpp
[ 70%] [32m[1mLinking CXX shared library libserve_interfaces__rosidl_typesupport_fastrtps_c.so[0m
[ 70%] Built target serve_interfaces__rosidl_typesupport_fastrtps_c
[ 70%] Built target serve_interfaces
[ 74%] [34m[1mGenerating Python code for ROS interfaces[0m
[ 74%] Built target serve_interfaces__py
[35m[1mConsolidate compiler generated dependencies of target serve_interfaces__rosidl_generator_py[0m
[ 77%] [32mBuilding C object CMakeFiles/serve_interfaces__rosidl_generator_py.dir/rosidl_generator_py/serve_interfaces/msg/_data_s.c.o[0m
[ 80%] [32m[1mLinking C shared library rosidl_generator_py/serve_interfaces/libserve_interfaces__rosidl_generator_py.so[0m
[ 80%] Built target serve_interfaces__rosidl_generator_py
[35m[1mConsolidate compiler generated dependencies of target serve_interfaces__rosidl_typesupport_introspection_c__pyext[0m
[35m[1mConsolidate compiler generated dependencies of target serve_interfaces__rosidl_typesupport_c__pyext[0m
[35m[1mConsolidate compiler generated dependencies of target serve_interfaces__rosidl_typesupport_fastrtps_c__pyext[0m
[ 90%] [32mBuilding C object CMakeFiles/serve_interfaces__rosidl_typesupport_introspection_c__pyext.dir/rosidl_generator_py/serve_interfaces/_serve_interfaces_s.ep.rosidl_typesupport_introspection_c.c.o[0m
[ 90%] [32mBuilding C object CMakeFiles/serve_interfaces__rosidl_typesupport_c__pyext.dir/rosidl_generator_py/serve_interfaces/_serve_interfaces_s.ep.rosidl_typesupport_c.c.o[0m
[ 90%] [32mBuilding C object CMakeFiles/serve_interfaces__rosidl_typesupport_fastrtps_c__pyext.dir/rosidl_generator_py/serve_interfaces/_serve_interfaces_s.ep.rosidl_typesupport_fastrtps_c.c.o[0m
[100%] [32m[1mLinking C shared library rosidl_generator_py/serve_interfaces/serve_interfaces_s__rosidl_typesupport_introspection_c.cpython-310-aarch64-linux-gnu.so[0m
[100%] [32m[1mLinking C shared library rosidl_generator_py/serve_interfaces/serve_interfaces_s__rosidl_typesupport_fastrtps_c.cpython-310-aarch64-linux-gnu.so[0m
[100%] [32m[1mLinking C shared library rosidl_generator_py/serve_interfaces/serve_interfaces_s__rosidl_typesupport_c.cpython-310-aarch64-linux-gnu.so[0m
[100%] Built target serve_interfaces__rosidl_typesupport_c__pyext
[100%] Built target serve_interfaces__rosidl_typesupport_introspection_c__pyext
[100%] Built target serve_interfaces__rosidl_typesupport_fastrtps_c__pyext
-- Install configuration: ""
-- Up-to-date: /home/project/install/serve_interfaces/share/ament_index/resource_index/rosidl_interfaces/serve_interfaces
-- Up-to-date: /home/project/install/serve_interfaces/include/serve_interfaces/serve_interfaces
-- Up-to-date: /home/project/install/serve_interfaces/include/serve_interfaces/serve_interfaces/msg
-- Up-to-date: /home/project/install/serve_interfaces/include/serve_interfaces/serve_interfaces/msg/rosidl_generator_c__visibility_control.h
-- Up-to-date: /home/project/install/serve_interfaces/include/serve_interfaces/serve_interfaces/msg/detail
-- Installing: /home/project/install/serve_interfaces/include/serve_interfaces/serve_interfaces/msg/detail/data__functions.h
-- Installing: /home/project/install/serve_interfaces/include/serve_interfaces/serve_interfaces/msg/detail/data__type_support.h
-- Installing: /home/project/install/serve_interfaces/include/serve_interfaces/serve_interfaces/msg/detail/data__struct.h
-- Installing: /home/project/install/serve_interfaces/include/serve_interfaces/serve_interfaces/msg/detail/data__functions.c
-- Installing: /home/project/install/serve_interfaces/include/serve_interfaces/serve_interfaces/msg/data.h
-- Up-to-date: /home/project/install/serve_interfaces/share/serve_interfaces/environment/library_path.sh
-- Installing: /home/project/install/serve_interfaces/share/serve_interfaces/environment/library_path.dsv
-- Installing: /home/project/install/serve_interfaces/lib/libserve_interfaces__rosidl_generator_c.so
-- Set runtime path of "/home/project/install/serve_interfaces/lib/libserve_interfaces__rosidl_generator_c.so" to ""
-- Up-to-date: /home/project/install/serve_interfaces/include/serve_interfaces/serve_interfaces
-- Up-to-date: /home/project/install/serve_interfaces/include/serve_interfaces/serve_interfaces/msg
-- Up-to-date: /home/project/install/serve_interfaces/include/serve_interfaces/serve_interfaces/msg/rosidl_typesupport_fastrtps_c__visibility_control.h
-- Up-to-date: /home/project/install/serve_interfaces/include/serve_interfaces/serve_interfaces/msg/detail
-- Installing: /home/project/install/serve_interfaces/include/serve_interfaces/serve_interfaces/msg/detail/data__rosidl_typesupport_fastrtps_c.h
-- Installing: /home/project/install/serve_interfaces/lib/libserve_interfaces__rosidl_typesupport_fastrtps_c.so
-- Set runtime path of "/home/project/install/serve_interfaces/lib/libserve_interfaces__rosidl_typesupport_fastrtps_c.so" to ""
-- Up-to-date: /home/project/install/serve_interfaces/include/serve_interfaces/serve_interfaces
-- Up-to-date: /home/project/install/serve_interfaces/include/serve_interfaces/serve_interfaces/msg
-- Installing: /home/project/install/serve_interfaces/include/serve_interfaces/serve_interfaces/msg/data.hpp
-- Up-to-date: /home/project/install/serve_interfaces/include/serve_interfaces/serve_interfaces/msg/rosidl_generator_cpp__visibility_control.hpp
-- Up-to-date: /home/project/install/serve_interfaces/include/serve_interfaces/serve_interfaces/msg/detail
-- Installing: /home/project/install/serve_interfaces/include/serve_interfaces/serve_interfaces/msg/detail/data__struct.hpp
-- Installing: /home/project/install/serve_interfaces/include/serve_interfaces/serve_interfaces/msg/detail/data__type_support.hpp
-- Installing: /home/project/install/serve_interfaces/include/serve_interfaces/serve_interfaces/msg/detail/data__builder.hpp
-- Installing: /home/project/install/serve_interfaces/include/serve_interfaces/serve_interfaces/msg/detail/data__traits.hpp
-- Up-to-date: /home/project/install/serve_interfaces/include/serve_interfaces/serve_interfaces
-- Up-to-date: /home/project/install/serve_interfaces/include/serve_interfaces/serve_interfaces/msg
-- Up-to-date: /home/project/install/serve_interfaces/include/serve_interfaces/serve_interfaces/msg/detail
-- Installing: /home/project/install/serve_interfaces/include/serve_interfaces/serve_interfaces/msg/detail/data__rosidl_typesupport_fastrtps_cpp.hpp
-- Up-to-date: /home/project/install/serve_interfaces/include/serve_interfaces/serve_interfaces/msg/detail/dds_fastrtps
-- Up-to-date: /home/project/install/serve_interfaces/include/serve_interfaces/serve_interfaces/msg/rosidl_typesupport_fastrtps_cpp__visibility_control.h
-- Installing: /home/project/install/serve_interfaces/lib/libserve_interfaces__rosidl_typesupport_fastrtps_cpp.so
-- Set runtime path of "/home/project/install/serve_interfaces/lib/libserve_interfaces__rosidl_typesupport_fastrtps_cpp.so" to ""
-- Up-to-date: /home/project/install/serve_interfaces/include/serve_interfaces/serve_interfaces
-- Up-to-date: /home/project/install/serve_interfaces/include/serve_interfaces/serve_interfaces/msg
-- Up-to-date: /home/project/install/serve_interfaces/include/serve_interfaces/serve_interfaces/msg/rosidl_typesupport_introspection_c__visibility_control.h
-- Up-to-date: /home/project/install/serve_interfaces/include/serve_interfaces/serve_interfaces/msg/detail
-- Installing: /home/project/install/serve_interfaces/include/serve_interfaces/serve_interfaces/msg/detail/data__type_support.c
-- Installing: /home/project/install/serve_interfaces/include/serve_interfaces/serve_interfaces/msg/detail/data__rosidl_typesupport_introspection_c.h
-- Installing: /home/project/install/serve_interfaces/lib/libserve_interfaces__rosidl_typesupport_introspection_c.so
-- Set runtime path of "/home/project/install/serve_interfaces/lib/libserve_interfaces__rosidl_typesupport_introspection_c.so" to ""
-- Installing: /home/project/install/serve_interfaces/lib/libserve_interfaces__rosidl_typesupport_c.so
-- Set runtime path of "/home/project/install/serve_interfaces/lib/libserve_interfaces__rosidl_typesupport_c.so" to ""
-- Up-to-date: /home/project/install/serve_interfaces/include/serve_interfaces/serve_interfaces
-- Up-to-date: /home/project/install/serve_interfaces/include/serve_interfaces/serve_interfaces/msg
-- Up-to-date: /home/project/install/serve_interfaces/include/serve_interfaces/serve_interfaces/msg/detail
-- Installing: /home/project/install/serve_interfaces/include/serve_interfaces/serve_interfaces/msg/detail/data__rosidl_typesupport_introspection_cpp.hpp
-- Installing: /home/project/install/serve_interfaces/include/serve_interfaces/serve_interfaces/msg/detail/data__type_support.cpp
-- Installing: /home/project/install/serve_interfaces/lib/libserve_interfaces__rosidl_typesupport_introspection_cpp.so
-- Set runtime path of "/home/project/install/serve_interfaces/lib/libserve_interfaces__rosidl_typesupport_introspection_cpp.so" to ""
-- Installing: /home/project/install/serve_interfaces/lib/libserve_interfaces__rosidl_typesupport_cpp.so
-- Set runtime path of "/home/project/install/serve_interfaces/lib/libserve_interfaces__rosidl_typesupport_cpp.so" to ""
-- Up-to-date: /home/project/install/serve_interfaces/share/serve_interfaces/environment/pythonpath.sh
-- Installing: /home/project/install/serve_interfaces/share/serve_interfaces/environment/pythonpath.dsv
-- Up-to-date: /home/project/install/serve_interfaces/local/lib/python3.10/dist-packages/serve_interfaces-0.0.0-py3.10.egg-info
-- Installing: /home/project/install/serve_interfaces/local/lib/python3.10/dist-packages/serve_interfaces-0.0.0-py3.10.egg-info/SOURCES.txt
-- Installing: /home/project/install/serve_interfaces/local/lib/python3.10/dist-packages/serve_interfaces-0.0.0-py3.10.egg-info/PKG-INFO
-- Installing: /home/project/install/serve_interfaces/local/lib/python3.10/dist-packages/serve_interfaces-0.0.0-py3.10.egg-info/dependency_links.txt
-- Installing: /home/project/install/serve_interfaces/local/lib/python3.10/dist-packages/serve_interfaces-0.0.0-py3.10.egg-info/top_level.txt
-- Up-to-date: /home/project/install/serve_interfaces/local/lib/python3.10/dist-packages/serve_interfaces
-- Installing: /home/project/install/serve_interfaces/local/lib/python3.10/dist-packages/serve_interfaces/_serve_interfaces_s.ep.rosidl_typesupport_c.c
-- Installing: /home/project/install/serve_interfaces/local/lib/python3.10/dist-packages/serve_interfaces/libserve_interfaces__rosidl_generator_py.so
-- Installing: /home/project/install/serve_interfaces/local/lib/python3.10/dist-packages/serve_interfaces/serve_interfaces_s__rosidl_typesupport_c.cpython-310-aarch64-linux-gnu.so
-- Installing: /home/project/install/serve_interfaces/local/lib/python3.10/dist-packages/serve_interfaces/serve_interfaces_s__rosidl_typesupport_introspection_c.cpython-310-aarch64-linux-gnu.so
-- Installing: /home/project/install/serve_interfaces/local/lib/python3.10/dist-packages/serve_interfaces/_serve_interfaces_s.ep.rosidl_typesupport_introspection_c.c
-- Installing: /home/project/install/serve_interfaces/local/lib/python3.10/dist-packages/serve_interfaces/_serve_interfaces_s.ep.rosidl_typesupport_fastrtps_c.c
-- Installing: /home/project/install/serve_interfaces/local/lib/python3.10/dist-packages/serve_interfaces/__init__.py
-- Up-to-date: /home/project/install/serve_interfaces/local/lib/python3.10/dist-packages/serve_interfaces/msg
-- Installing: /home/project/install/serve_interfaces/local/lib/python3.10/dist-packages/serve_interfaces/msg/_data.py
-- Installing: /home/project/install/serve_interfaces/local/lib/python3.10/dist-packages/serve_interfaces/msg/__init__.py
-- Installing: /home/project/install/serve_interfaces/local/lib/python3.10/dist-packages/serve_interfaces/msg/_data_s.c
-- Installing: /home/project/install/serve_interfaces/local/lib/python3.10/dist-packages/serve_interfaces/serve_interfaces_s__rosidl_typesupport_fastrtps_c.cpython-310-aarch64-linux-gnu.so
Listing '/home/project/install/serve_interfaces/local/lib/python3.10/dist-packages/serve_interfaces'...
Compiling '/home/project/install/serve_interfaces/local/lib/python3.10/dist-packages/serve_interfaces/__init__.py'...
Listing '/home/project/install/serve_interfaces/local/lib/python3.10/dist-packages/serve_interfaces/msg'...
Compiling '/home/project/install/serve_interfaces/local/lib/python3.10/dist-packages/serve_interfaces/msg/__init__.py'...
Compiling '/home/project/install/serve_interfaces/local/lib/python3.10/dist-packages/serve_interfaces/msg/_data.py'...
-- Installing: /home/project/install/serve_interfaces/local/lib/python3.10/dist-packages/serve_interfaces/serve_interfaces_s__rosidl_typesupport_fastrtps_c.cpython-310-aarch64-linux-gnu.so
-- Set runtime path of "/home/project/install/serve_interfaces/local/lib/python3.10/dist-packages/serve_interfaces/serve_interfaces_s__rosidl_typesupport_fastrtps_c.cpython-310-aarch64-linux-gnu.so" to ""
-- Installing: /home/project/install/serve_interfaces/local/lib/python3.10/dist-packages/serve_interfaces/serve_interfaces_s__rosidl_typesupport_introspection_c.cpython-310-aarch64-linux-gnu.so
-- Set runtime path of "/home/project/install/serve_interfaces/local/lib/python3.10/dist-packages/serve_interfaces/serve_interfaces_s__rosidl_typesupport_introspection_c.cpython-310-aarch64-linux-gnu.so" to ""
-- Installing: /home/project/install/serve_interfaces/local/lib/python3.10/dist-packages/serve_interfaces/serve_interfaces_s__rosidl_typesupport_c.cpython-310-aarch64-linux-gnu.so
-- Set runtime path of "/home/project/install/serve_interfaces/local/lib/python3.10/dist-packages/serve_interfaces/serve_interfaces_s__rosidl_typesupport_c.cpython-310-aarch64-linux-gnu.so" to ""
-- Installing: /home/project/install/serve_interfaces/lib/libserve_interfaces__rosidl_generator_py.so
-- Set runtime path of "/home/project/install/serve_interfaces/lib/libserve_interfaces__rosidl_generator_py.so" to ""
-- Installing: /home/project/install/serve_interfaces/share/serve_interfaces/msg/Data.idl
-- Installing: /home/project/install/serve_interfaces/share/serve_interfaces/msg/Data.msg
-- Up-to-date: /home/project/install/serve_interfaces/share/ament_index/resource_index/package_run_dependencies/serve_interfaces
-- Up-to-date: /home/project/install/serve_interfaces/share/ament_index/resource_index/parent_prefix_path/serve_interfaces
-- Up-to-date: /home/project/install/serve_interfaces/share/serve_interfaces/environment/ament_prefix_path.sh
-- Installing: /home/project/install/serve_interfaces/share/serve_interfaces/environment/ament_prefix_path.dsv
-- Up-to-date: /home/project/install/serve_interfaces/share/serve_interfaces/environment/path.sh
-- Installing: /home/project/install/serve_interfaces/share/serve_interfaces/environment/path.dsv
-- Up-to-date: /home/project/install/serve_interfaces/share/serve_interfaces/local_setup.bash
-- Up-to-date: /home/project/install/serve_interfaces/share/serve_interfaces/local_setup.sh
-- Up-to-date: /home/project/install/serve_interfaces/share/serve_interfaces/local_setup.zsh
-- Installing: /home/project/install/serve_interfaces/share/serve_interfaces/local_setup.dsv
-- Installing: /home/project/install/serve_interfaces/share/serve_interfaces/package.dsv
-- Up-to-date: /home/project/install/serve_interfaces/share/ament_index/resource_index/packages/serve_interfaces
-- Up-to-date: /home/project/install/serve_interfaces/share/serve_interfaces/cmake/export_serve_interfaces__rosidl_generator_cExport.cmake
-- Up-to-date: /home/project/install/serve_interfaces/share/serve_interfaces/cmake/export_serve_interfaces__rosidl_generator_cExport-noconfig.cmake
-- Up-to-date: /home/project/install/serve_interfaces/share/serve_interfaces/cmake/export_serve_interfaces__rosidl_typesupport_fastrtps_cExport.cmake
-- Up-to-date: /home/project/install/serve_interfaces/share/serve_interfaces/cmake/export_serve_interfaces__rosidl_typesupport_fastrtps_cExport-noconfig.cmake
-- Up-to-date: /home/project/install/serve_interfaces/share/serve_interfaces/cmake/export_serve_interfaces__rosidl_generator_cppExport.cmake
-- Up-to-date: /home/project/install/serve_interfaces/share/serve_interfaces/cmake/export_serve_interfaces__rosidl_typesupport_fastrtps_cppExport.cmake
-- Up-to-date: /home/project/install/serve_interfaces/share/serve_interfaces/cmake/export_serve_interfaces__rosidl_typesupport_fastrtps_cppExport-noconfig.cmake
-- Up-to-date: /home/project/install/serve_interfaces/share/serve_interfaces/cmake/serve_interfaces__rosidl_typesupport_introspection_cExport.cmake
-- Up-to-date: /home/project/install/serve_interfaces/share/serve_interfaces/cmake/serve_interfaces__rosidl_typesupport_introspection_cExport-noconfig.cmake
-- Up-to-date: /home/project/install/serve_interfaces/share/serve_interfaces/cmake/serve_interfaces__rosidl_typesupport_cExport.cmake
-- Up-to-date: /home/project/install/serve_interfaces/share/serve_interfaces/cmake/serve_interfaces__rosidl_typesupport_cExport-noconfig.cmake
-- Up-to-date: /home/project/install/serve_interfaces/share/serve_interfaces/cmake/serve_interfaces__rosidl_typesupport_introspection_cppExport.cmake
-- Up-to-date: /home/project/install/serve_interfaces/share/serve_interfaces/cmake/serve_interfaces__rosidl_typesupport_introspection_cppExport-noconfig.cmake
-- Up-to-date: /home/project/install/serve_interfaces/share/serve_interfaces/cmake/serve_interfaces__rosidl_typesupport_cppExport.cmake
-- Up-to-date: /home/project/install/serve_interfaces/share/serve_interfaces/cmake/serve_interfaces__rosidl_typesupport_cppExport-noconfig.cmake
-- Up-to-date: /home/project/install/serve_interfaces/share/serve_interfaces/cmake/export_serve_interfaces__rosidl_generator_pyExport.cmake
-- Up-to-date: /home/project/install/serve_interfaces/share/serve_interfaces/cmake/export_serve_interfaces__rosidl_generator_pyExport-noconfig.cmake
-- Up-to-date: /home/project/install/serve_interfaces/share/serve_interfaces/cmake/rosidl_cmake-extras.cmake
-- Up-to-date: /home/project/install/serve_interfaces/share/serve_interfaces/cmake/ament_cmake_export_dependencies-extras.cmake
-- Up-to-date: /home/project/install/serve_interfaces/share/serve_interfaces/cmake/ament_cmake_export_include_directories-extras.cmake
-- Up-to-date: /home/project/install/serve_interfaces/share/serve_interfaces/cmake/ament_cmake_export_libraries-extras.cmake
-- Up-to-date: /home/project/install/serve_interfaces/share/serve_interfaces/cmake/ament_cmake_export_targets-extras.cmake
-- Up-to-date: /home/project/install/serve_interfaces/share/serve_interfaces/cmake/rosidl_cmake_export_typesupport_targets-extras.cmake
-- Up-to-date: /home/project/install/serve_interfaces/share/serve_interfaces/cmake/rosidl_cmake_export_typesupport_libraries-extras.cmake
-- Up-to-date: /home/project/install/serve_interfaces/share/serve_interfaces/cmake/serve_interfacesConfig.cmake
-- Up-to-date: /home/project/install/serve_interfaces/share/serve_interfaces/cmake/serve_interfacesConfig-version.cmake
-- Up-to-date: /home/project/install/serve_interfaces/share/serve_interfaces/package.xml
