[0.004s] Invoking command in '/home/project/build/serve_interfaces': CMAKE_PREFIX_PATH=/opt/ros/humble /usr/bin/cmake --build /home/project/build/serve_interfaces -- -j10 -l10
[0.012s] -- Found geometry_msgs: 4.9.0 (/opt/ros/humble/share/geometry_msgs/cmake)
[0.060s] -- Found rosidl_generator_c: 3.1.7 (/opt/ros/humble/share/rosidl_generator_c/cmake)
[0.061s] -- Found rosidl_adapter: 3.1.7 (/opt/ros/humble/share/rosidl_adapter/cmake)
[0.063s] -- Found rosidl_generator_cpp: 3.1.7 (/opt/ros/humble/share/rosidl_generator_cpp/cmake)
[0.066s] -- Using all available rosidl_typesupport_c: rosidl_typesupport_fastrtps_c;rosidl_typesupport_introspection_c
[0.070s] -- Using all available rosidl_typesupport_cpp: rosidl_typesupport_fastrtps_cpp;rosidl_typesupport_introspection_cpp
[0.083s] -- Found rosidl_default_generators: 1.2.0 (/opt/ros/humble/share/rosidl_default_generators/cmake)
[0.173s] -- Found ament_cmake_ros: 0.10.0 (/opt/ros/humble/share/ament_cmake_ros/cmake)
[0.305s] -- Using all available rosidl_typesupport_c: rosidl_typesupport_fastrtps_c;rosidl_typesupport_introspection_c
[0.358s] -- Using all available rosidl_typesupport_cpp: rosidl_typesupport_fastrtps_cpp;rosidl_typesupport_introspection_cpp
[0.364s] -- Found python_cmake_module: 0.10.0 (/opt/ros/humble/share/python_cmake_module/cmake)
[0.370s] -- Using PYTHON_EXECUTABLE: /usr/bin/python3
[0.370s] -- Using PYTHON_INCLUDE_DIRS: /usr/include/python3.10
[0.370s] -- Using PYTHON_LIBRARIES: /usr/lib/aarch64-linux-gnu/libpython3.10.so
[0.383s] -- Found ament_lint_auto: 0.12.14 (/opt/ros/humble/share/ament_lint_auto/cmake)
[0.386s] -- Added test 'lint_cmake' to check CMake code style
[0.386s] -- Added test 'xmllint' to check XML markup files
[0.387s] -- Configuring done
[0.399s] -- Generating done
[0.404s] -- Build files have been written to: /home/project/build/serve_interfaces
[0.412s] [  3%] [34m[1mGenerating C code for ROS interfaces[0m
[0.415s] [  6%] [34m[1mGenerating C++ code for ROS interfaces[0m
[0.418s] [  6%] Built target ament_cmake_python_copy_serve_interfaces
[0.483s] running egg_info
[0.483s] writing serve_interfaces.egg-info/PKG-INFO
[0.483s] writing dependency_links to serve_interfaces.egg-info/dependency_links.txt
[0.483s] writing top-level names to serve_interfaces.egg-info/top_level.txt
[0.484s] reading manifest file 'serve_interfaces.egg-info/SOURCES.txt'
[0.484s] writing manifest file 'serve_interfaces.egg-info/SOURCES.txt'
[0.496s] [  6%] Built target ament_cmake_python_build_serve_interfaces_egg
[0.504s] [  6%] Built target serve_interfaces__cpp
[0.504s] [35m[1mConsolidate compiler generated dependencies of target serve_interfaces__rosidl_generator_c[0m
[0.508s] [ 12%] [34m[1mGenerating C++ type support dispatch for ROS interfaces[0m
[0.508s] [ 12%] [34m[1mGenerating C++ type support for eProsima Fast-RTPS[0m
[0.508s] [ 16%] [34m[1mGenerating C++ introspection for ROS interfaces[0m
[0.508s] [ 19%] [32mBuilding C object CMakeFiles/serve_interfaces__rosidl_generator_c.dir/rosidl_generator_c/serve_interfaces/msg/detail/data__functions.c.o[0m
[0.532s] [ 22%] [32m[1mLinking C shared library libserve_interfaces__rosidl_generator_c.so[0m
[0.547s] [ 22%] Built target serve_interfaces__rosidl_generator_c
[0.551s] [ 25%] [34m[1mGenerating C type support for eProsima Fast-RTPS[0m
[0.553s] [ 32%] [34m[1mGenerating C type support dispatch for ROS interfaces[0m
[0.553s] [ 32%] [34m[1mGenerating C introspection for ROS interfaces[0m
[0.591s] [35m[1mConsolidate compiler generated dependencies of target serve_interfaces__rosidl_typesupport_cpp[0m
[0.598s] [35m[1mConsolidate compiler generated dependencies of target serve_interfaces__rosidl_typesupport_introspection_cpp[0m
[0.599s] [ 35%] [32mBuilding CXX object CMakeFiles/serve_interfaces__rosidl_typesupport_cpp.dir/rosidl_typesupport_cpp/serve_interfaces/msg/data__type_support.cpp.o[0m
[0.605s] [35m[1mConsolidate compiler generated dependencies of target serve_interfaces__rosidl_typesupport_fastrtps_cpp[0m
[0.606s] [ 38%] [32mBuilding CXX object CMakeFiles/serve_interfaces__rosidl_typesupport_introspection_cpp.dir/rosidl_typesupport_introspection_cpp/serve_interfaces/msg/detail/data__type_support.cpp.o[0m
[0.613s] [ 41%] [32mBuilding CXX object CMakeFiles/serve_interfaces__rosidl_typesupport_fastrtps_cpp.dir/rosidl_typesupport_fastrtps_cpp/serve_interfaces/msg/detail/dds_fastrtps/data__type_support.cpp.o[0m
[0.645s] [35m[1mConsolidate compiler generated dependencies of target serve_interfaces__rosidl_typesupport_c[0m
[0.652s] [ 45%] [32mBuilding CXX object CMakeFiles/serve_interfaces__rosidl_typesupport_c.dir/rosidl_typesupport_c/serve_interfaces/msg/data__type_support.cpp.o[0m
[0.654s] [35m[1mConsolidate compiler generated dependencies of target serve_interfaces__rosidl_typesupport_introspection_c[0m
[0.658s] [35m[1mConsolidate compiler generated dependencies of target serve_interfaces__rosidl_typesupport_fastrtps_c[0m
[0.661s] [ 48%] [32mBuilding C object CMakeFiles/serve_interfaces__rosidl_typesupport_introspection_c.dir/rosidl_typesupport_introspection_c/serve_interfaces/msg/detail/data__type_support.c.o[0m
[0.667s] [ 51%] [32mBuilding CXX object CMakeFiles/serve_interfaces__rosidl_typesupport_fastrtps_c.dir/rosidl_typesupport_fastrtps_c/serve_interfaces/msg/detail/data__type_support_c.cpp.o[0m
[0.669s] [ 54%] [32m[1mLinking CXX shared library libserve_interfaces__rosidl_typesupport_c.so[0m
[0.678s] [ 58%] [32m[1mLinking C shared library libserve_interfaces__rosidl_typesupport_introspection_c.so[0m
[0.696s] [ 58%] Built target serve_interfaces__rosidl_typesupport_introspection_c
[0.696s] [ 58%] Built target serve_interfaces__rosidl_typesupport_c
[0.700s] [ 61%] [32m[1mLinking CXX shared library libserve_interfaces__rosidl_typesupport_cpp.so[0m
[0.715s] [ 61%] Built target serve_interfaces__rosidl_typesupport_cpp
[0.746s] [ 64%] [32m[1mLinking CXX shared library libserve_interfaces__rosidl_typesupport_introspection_cpp.so[0m
[0.756s] [ 67%] [32m[1mLinking CXX shared library libserve_interfaces__rosidl_typesupport_fastrtps_cpp.so[0m
[0.761s] [ 67%] Built target serve_interfaces__rosidl_typesupport_introspection_cpp
[0.780s] [ 67%] Built target serve_interfaces__rosidl_typesupport_fastrtps_cpp
[0.782s] [ 70%] [32m[1mLinking CXX shared library libserve_interfaces__rosidl_typesupport_fastrtps_c.so[0m
[0.804s] [ 70%] Built target serve_interfaces__rosidl_typesupport_fastrtps_c
[0.809s] [ 70%] Built target serve_interfaces
[0.815s] [ 74%] [34m[1mGenerating Python code for ROS interfaces[0m
[0.913s] [ 74%] Built target serve_interfaces__py
[0.916s] [35m[1mConsolidate compiler generated dependencies of target serve_interfaces__rosidl_generator_py[0m
[0.921s] [ 77%] [32mBuilding C object CMakeFiles/serve_interfaces__rosidl_generator_py.dir/rosidl_generator_py/serve_interfaces/msg/_data_s.c.o[0m
[0.954s] [ 80%] [32m[1mLinking C shared library rosidl_generator_py/serve_interfaces/libserve_interfaces__rosidl_generator_py.so[0m
[0.967s] [ 80%] Built target serve_interfaces__rosidl_generator_py
[0.970s] [35m[1mConsolidate compiler generated dependencies of target serve_interfaces__rosidl_typesupport_introspection_c__pyext[0m
[0.970s] [35m[1mConsolidate compiler generated dependencies of target serve_interfaces__rosidl_typesupport_c__pyext[0m
[0.970s] [35m[1mConsolidate compiler generated dependencies of target serve_interfaces__rosidl_typesupport_fastrtps_c__pyext[0m
[0.975s] [ 90%] [32mBuilding C object CMakeFiles/serve_interfaces__rosidl_typesupport_introspection_c__pyext.dir/rosidl_generator_py/serve_interfaces/_serve_interfaces_s.ep.rosidl_typesupport_introspection_c.c.o[0m
[0.975s] [ 90%] [32mBuilding C object CMakeFiles/serve_interfaces__rosidl_typesupport_c__pyext.dir/rosidl_generator_py/serve_interfaces/_serve_interfaces_s.ep.rosidl_typesupport_c.c.o[0m
[0.975s] [ 90%] [32mBuilding C object CMakeFiles/serve_interfaces__rosidl_typesupport_fastrtps_c__pyext.dir/rosidl_generator_py/serve_interfaces/_serve_interfaces_s.ep.rosidl_typesupport_fastrtps_c.c.o[0m
[1.011s] [100%] [32m[1mLinking C shared library rosidl_generator_py/serve_interfaces/serve_interfaces_s__rosidl_typesupport_introspection_c.cpython-310-aarch64-linux-gnu.so[0m
[1.011s] [100%] [32m[1mLinking C shared library rosidl_generator_py/serve_interfaces/serve_interfaces_s__rosidl_typesupport_fastrtps_c.cpython-310-aarch64-linux-gnu.so[0m
[1.012s] [100%] [32m[1mLinking C shared library rosidl_generator_py/serve_interfaces/serve_interfaces_s__rosidl_typesupport_c.cpython-310-aarch64-linux-gnu.so[0m
[1.026s] [100%] Built target serve_interfaces__rosidl_typesupport_c__pyext
[1.026s] [100%] Built target serve_interfaces__rosidl_typesupport_introspection_c__pyext
[1.026s] [100%] Built target serve_interfaces__rosidl_typesupport_fastrtps_c__pyext
[1.030s] Invoked command in '/home/project/build/serve_interfaces' returned '0': CMAKE_PREFIX_PATH=/opt/ros/humble /usr/bin/cmake --build /home/project/build/serve_interfaces -- -j10 -l10
[1.033s] Invoking command in '/home/project/build/serve_interfaces': CMAKE_PREFIX_PATH=/opt/ros/humble /usr/bin/cmake --install /home/project/build/serve_interfaces
[1.035s] -- Install configuration: ""
[1.035s] -- Up-to-date: /home/project/install/serve_interfaces/share/ament_index/resource_index/rosidl_interfaces/serve_interfaces
[1.035s] -- Up-to-date: /home/project/install/serve_interfaces/include/serve_interfaces/serve_interfaces
[1.035s] -- Up-to-date: /home/project/install/serve_interfaces/include/serve_interfaces/serve_interfaces/msg
[1.036s] -- Up-to-date: /home/project/install/serve_interfaces/include/serve_interfaces/serve_interfaces/msg/rosidl_generator_c__visibility_control.h
[1.036s] -- Up-to-date: /home/project/install/serve_interfaces/include/serve_interfaces/serve_interfaces/msg/detail
[1.036s] -- Installing: /home/project/install/serve_interfaces/include/serve_interfaces/serve_interfaces/msg/detail/data__functions.h
[1.036s] -- Installing: /home/project/install/serve_interfaces/include/serve_interfaces/serve_interfaces/msg/detail/data__type_support.h
[1.036s] -- Installing: /home/project/install/serve_interfaces/include/serve_interfaces/serve_interfaces/msg/detail/data__struct.h
[1.036s] -- Installing: /home/project/install/serve_interfaces/include/serve_interfaces/serve_interfaces/msg/detail/data__functions.c
[1.036s] -- Installing: /home/project/install/serve_interfaces/include/serve_interfaces/serve_interfaces/msg/data.h
[1.036s] -- Up-to-date: /home/project/install/serve_interfaces/share/serve_interfaces/environment/library_path.sh
[1.036s] -- Installing: /home/project/install/serve_interfaces/share/serve_interfaces/environment/library_path.dsv
[1.036s] -- Installing: /home/project/install/serve_interfaces/lib/libserve_interfaces__rosidl_generator_c.so
[1.036s] -- Set runtime path of "/home/project/install/serve_interfaces/lib/libserve_interfaces__rosidl_generator_c.so" to ""
[1.036s] -- Up-to-date: /home/project/install/serve_interfaces/include/serve_interfaces/serve_interfaces
[1.036s] -- Up-to-date: /home/project/install/serve_interfaces/include/serve_interfaces/serve_interfaces/msg
[1.036s] -- Up-to-date: /home/project/install/serve_interfaces/include/serve_interfaces/serve_interfaces/msg/rosidl_typesupport_fastrtps_c__visibility_control.h
[1.036s] -- Up-to-date: /home/project/install/serve_interfaces/include/serve_interfaces/serve_interfaces/msg/detail
[1.036s] -- Installing: /home/project/install/serve_interfaces/include/serve_interfaces/serve_interfaces/msg/detail/data__rosidl_typesupport_fastrtps_c.h
[1.036s] -- Installing: /home/project/install/serve_interfaces/lib/libserve_interfaces__rosidl_typesupport_fastrtps_c.so
[1.036s] -- Set runtime path of "/home/project/install/serve_interfaces/lib/libserve_interfaces__rosidl_typesupport_fastrtps_c.so" to ""
[1.036s] -- Up-to-date: /home/project/install/serve_interfaces/include/serve_interfaces/serve_interfaces
[1.036s] -- Up-to-date: /home/project/install/serve_interfaces/include/serve_interfaces/serve_interfaces/msg
[1.036s] -- Installing: /home/project/install/serve_interfaces/include/serve_interfaces/serve_interfaces/msg/data.hpp
[1.036s] -- Up-to-date: /home/project/install/serve_interfaces/include/serve_interfaces/serve_interfaces/msg/rosidl_generator_cpp__visibility_control.hpp
[1.037s] -- Up-to-date: /home/project/install/serve_interfaces/include/serve_interfaces/serve_interfaces/msg/detail
[1.037s] -- Installing: /home/project/install/serve_interfaces/include/serve_interfaces/serve_interfaces/msg/detail/data__struct.hpp
[1.037s] -- Installing: /home/project/install/serve_interfaces/include/serve_interfaces/serve_interfaces/msg/detail/data__type_support.hpp
[1.037s] -- Installing: /home/project/install/serve_interfaces/include/serve_interfaces/serve_interfaces/msg/detail/data__builder.hpp
[1.037s] -- Installing: /home/project/install/serve_interfaces/include/serve_interfaces/serve_interfaces/msg/detail/data__traits.hpp
[1.037s] -- Up-to-date: /home/project/install/serve_interfaces/include/serve_interfaces/serve_interfaces
[1.037s] -- Up-to-date: /home/project/install/serve_interfaces/include/serve_interfaces/serve_interfaces/msg
[1.037s] -- Up-to-date: /home/project/install/serve_interfaces/include/serve_interfaces/serve_interfaces/msg/detail
[1.037s] -- Installing: /home/project/install/serve_interfaces/include/serve_interfaces/serve_interfaces/msg/detail/data__rosidl_typesupport_fastrtps_cpp.hpp
[1.037s] -- Up-to-date: /home/project/install/serve_interfaces/include/serve_interfaces/serve_interfaces/msg/detail/dds_fastrtps
[1.037s] -- Up-to-date: /home/project/install/serve_interfaces/include/serve_interfaces/serve_interfaces/msg/rosidl_typesupport_fastrtps_cpp__visibility_control.h
[1.037s] -- Installing: /home/project/install/serve_interfaces/lib/libserve_interfaces__rosidl_typesupport_fastrtps_cpp.so
[1.037s] -- Set runtime path of "/home/project/install/serve_interfaces/lib/libserve_interfaces__rosidl_typesupport_fastrtps_cpp.so" to ""
[1.037s] -- Up-to-date: /home/project/install/serve_interfaces/include/serve_interfaces/serve_interfaces
[1.037s] -- Up-to-date: /home/project/install/serve_interfaces/include/serve_interfaces/serve_interfaces/msg
[1.037s] -- Up-to-date: /home/project/install/serve_interfaces/include/serve_interfaces/serve_interfaces/msg/rosidl_typesupport_introspection_c__visibility_control.h
[1.037s] -- Up-to-date: /home/project/install/serve_interfaces/include/serve_interfaces/serve_interfaces/msg/detail
[1.037s] -- Installing: /home/project/install/serve_interfaces/include/serve_interfaces/serve_interfaces/msg/detail/data__type_support.c
[1.037s] -- Installing: /home/project/install/serve_interfaces/include/serve_interfaces/serve_interfaces/msg/detail/data__rosidl_typesupport_introspection_c.h
[1.037s] -- Installing: /home/project/install/serve_interfaces/lib/libserve_interfaces__rosidl_typesupport_introspection_c.so
[1.037s] -- Set runtime path of "/home/project/install/serve_interfaces/lib/libserve_interfaces__rosidl_typesupport_introspection_c.so" to ""
[1.037s] -- Installing: /home/project/install/serve_interfaces/lib/libserve_interfaces__rosidl_typesupport_c.so
[1.038s] -- Set runtime path of "/home/project/install/serve_interfaces/lib/libserve_interfaces__rosidl_typesupport_c.so" to ""
[1.038s] -- Up-to-date: /home/project/install/serve_interfaces/include/serve_interfaces/serve_interfaces
[1.038s] -- Up-to-date: /home/project/install/serve_interfaces/include/serve_interfaces/serve_interfaces/msg
[1.038s] -- Up-to-date: /home/project/install/serve_interfaces/include/serve_interfaces/serve_interfaces/msg/detail
[1.038s] -- Installing: /home/project/install/serve_interfaces/include/serve_interfaces/serve_interfaces/msg/detail/data__rosidl_typesupport_introspection_cpp.hpp
[1.038s] -- Installing: /home/project/install/serve_interfaces/include/serve_interfaces/serve_interfaces/msg/detail/data__type_support.cpp
[1.038s] -- Installing: /home/project/install/serve_interfaces/lib/libserve_interfaces__rosidl_typesupport_introspection_cpp.so
[1.038s] -- Set runtime path of "/home/project/install/serve_interfaces/lib/libserve_interfaces__rosidl_typesupport_introspection_cpp.so" to ""
[1.038s] -- Installing: /home/project/install/serve_interfaces/lib/libserve_interfaces__rosidl_typesupport_cpp.so
[1.038s] -- Set runtime path of "/home/project/install/serve_interfaces/lib/libserve_interfaces__rosidl_typesupport_cpp.so" to ""
[1.038s] -- Up-to-date: /home/project/install/serve_interfaces/share/serve_interfaces/environment/pythonpath.sh
[1.038s] -- Installing: /home/project/install/serve_interfaces/share/serve_interfaces/environment/pythonpath.dsv
[1.038s] -- Up-to-date: /home/project/install/serve_interfaces/local/lib/python3.10/dist-packages/serve_interfaces-0.0.0-py3.10.egg-info
[1.038s] -- Installing: /home/project/install/serve_interfaces/local/lib/python3.10/dist-packages/serve_interfaces-0.0.0-py3.10.egg-info/SOURCES.txt
[1.038s] -- Installing: /home/project/install/serve_interfaces/local/lib/python3.10/dist-packages/serve_interfaces-0.0.0-py3.10.egg-info/PKG-INFO
[1.038s] -- Installing: /home/project/install/serve_interfaces/local/lib/python3.10/dist-packages/serve_interfaces-0.0.0-py3.10.egg-info/dependency_links.txt
[1.038s] -- Installing: /home/project/install/serve_interfaces/local/lib/python3.10/dist-packages/serve_interfaces-0.0.0-py3.10.egg-info/top_level.txt
[1.038s] -- Up-to-date: /home/project/install/serve_interfaces/local/lib/python3.10/dist-packages/serve_interfaces
[1.038s] -- Installing: /home/project/install/serve_interfaces/local/lib/python3.10/dist-packages/serve_interfaces/_serve_interfaces_s.ep.rosidl_typesupport_c.c
[1.039s] -- Installing: /home/project/install/serve_interfaces/local/lib/python3.10/dist-packages/serve_interfaces/libserve_interfaces__rosidl_generator_py.so
[1.039s] -- Installing: /home/project/install/serve_interfaces/local/lib/python3.10/dist-packages/serve_interfaces/serve_interfaces_s__rosidl_typesupport_c.cpython-310-aarch64-linux-gnu.so
[1.039s] -- Installing: /home/project/install/serve_interfaces/local/lib/python3.10/dist-packages/serve_interfaces/serve_interfaces_s__rosidl_typesupport_introspection_c.cpython-310-aarch64-linux-gnu.so
[1.039s] -- Installing: /home/project/install/serve_interfaces/local/lib/python3.10/dist-packages/serve_interfaces/_serve_interfaces_s.ep.rosidl_typesupport_introspection_c.c
[1.039s] -- Installing: /home/project/install/serve_interfaces/local/lib/python3.10/dist-packages/serve_interfaces/_serve_interfaces_s.ep.rosidl_typesupport_fastrtps_c.c
[1.039s] -- Installing: /home/project/install/serve_interfaces/local/lib/python3.10/dist-packages/serve_interfaces/__init__.py
[1.039s] -- Up-to-date: /home/project/install/serve_interfaces/local/lib/python3.10/dist-packages/serve_interfaces/msg
[1.039s] -- Installing: /home/project/install/serve_interfaces/local/lib/python3.10/dist-packages/serve_interfaces/msg/_data.py
[1.039s] -- Installing: /home/project/install/serve_interfaces/local/lib/python3.10/dist-packages/serve_interfaces/msg/__init__.py
[1.039s] -- Installing: /home/project/install/serve_interfaces/local/lib/python3.10/dist-packages/serve_interfaces/msg/_data_s.c
[1.039s] -- Installing: /home/project/install/serve_interfaces/local/lib/python3.10/dist-packages/serve_interfaces/serve_interfaces_s__rosidl_typesupport_fastrtps_c.cpython-310-aarch64-linux-gnu.so
[1.051s] Listing '/home/project/install/serve_interfaces/local/lib/python3.10/dist-packages/serve_interfaces'...
[1.051s] Compiling '/home/project/install/serve_interfaces/local/lib/python3.10/dist-packages/serve_interfaces/__init__.py'...
[1.051s] Listing '/home/project/install/serve_interfaces/local/lib/python3.10/dist-packages/serve_interfaces/msg'...
[1.051s] Compiling '/home/project/install/serve_interfaces/local/lib/python3.10/dist-packages/serve_interfaces/msg/__init__.py'...
[1.051s] Compiling '/home/project/install/serve_interfaces/local/lib/python3.10/dist-packages/serve_interfaces/msg/_data.py'...
[1.053s] -- Installing: /home/project/install/serve_interfaces/local/lib/python3.10/dist-packages/serve_interfaces/serve_interfaces_s__rosidl_typesupport_fastrtps_c.cpython-310-aarch64-linux-gnu.so
[1.053s] -- Set runtime path of "/home/project/install/serve_interfaces/local/lib/python3.10/dist-packages/serve_interfaces/serve_interfaces_s__rosidl_typesupport_fastrtps_c.cpython-310-aarch64-linux-gnu.so" to ""
[1.053s] -- Installing: /home/project/install/serve_interfaces/local/lib/python3.10/dist-packages/serve_interfaces/serve_interfaces_s__rosidl_typesupport_introspection_c.cpython-310-aarch64-linux-gnu.so
[1.053s] -- Set runtime path of "/home/project/install/serve_interfaces/local/lib/python3.10/dist-packages/serve_interfaces/serve_interfaces_s__rosidl_typesupport_introspection_c.cpython-310-aarch64-linux-gnu.so" to ""
[1.053s] -- Installing: /home/project/install/serve_interfaces/local/lib/python3.10/dist-packages/serve_interfaces/serve_interfaces_s__rosidl_typesupport_c.cpython-310-aarch64-linux-gnu.so
[1.053s] -- Set runtime path of "/home/project/install/serve_interfaces/local/lib/python3.10/dist-packages/serve_interfaces/serve_interfaces_s__rosidl_typesupport_c.cpython-310-aarch64-linux-gnu.so" to ""
[1.053s] -- Installing: /home/project/install/serve_interfaces/lib/libserve_interfaces__rosidl_generator_py.so
[1.053s] -- Set runtime path of "/home/project/install/serve_interfaces/lib/libserve_interfaces__rosidl_generator_py.so" to ""
[1.053s] -- Installing: /home/project/install/serve_interfaces/share/serve_interfaces/msg/Data.idl
[1.053s] -- Installing: /home/project/install/serve_interfaces/share/serve_interfaces/msg/Data.msg
[1.053s] -- Up-to-date: /home/project/install/serve_interfaces/share/ament_index/resource_index/package_run_dependencies/serve_interfaces
[1.053s] -- Up-to-date: /home/project/install/serve_interfaces/share/ament_index/resource_index/parent_prefix_path/serve_interfaces
[1.053s] -- Up-to-date: /home/project/install/serve_interfaces/share/serve_interfaces/environment/ament_prefix_path.sh
[1.054s] -- Installing: /home/project/install/serve_interfaces/share/serve_interfaces/environment/ament_prefix_path.dsv
[1.054s] -- Up-to-date: /home/project/install/serve_interfaces/share/serve_interfaces/environment/path.sh
[1.054s] -- Installing: /home/project/install/serve_interfaces/share/serve_interfaces/environment/path.dsv
[1.054s] -- Up-to-date: /home/project/install/serve_interfaces/share/serve_interfaces/local_setup.bash
[1.054s] -- Up-to-date: /home/project/install/serve_interfaces/share/serve_interfaces/local_setup.sh
[1.054s] -- Up-to-date: /home/project/install/serve_interfaces/share/serve_interfaces/local_setup.zsh
[1.054s] -- Installing: /home/project/install/serve_interfaces/share/serve_interfaces/local_setup.dsv
[1.054s] -- Installing: /home/project/install/serve_interfaces/share/serve_interfaces/package.dsv
[1.054s] -- Up-to-date: /home/project/install/serve_interfaces/share/ament_index/resource_index/packages/serve_interfaces
[1.054s] -- Up-to-date: /home/project/install/serve_interfaces/share/serve_interfaces/cmake/export_serve_interfaces__rosidl_generator_cExport.cmake
[1.054s] -- Up-to-date: /home/project/install/serve_interfaces/share/serve_interfaces/cmake/export_serve_interfaces__rosidl_generator_cExport-noconfig.cmake
[1.054s] -- Up-to-date: /home/project/install/serve_interfaces/share/serve_interfaces/cmake/export_serve_interfaces__rosidl_typesupport_fastrtps_cExport.cmake
[1.054s] -- Up-to-date: /home/project/install/serve_interfaces/share/serve_interfaces/cmake/export_serve_interfaces__rosidl_typesupport_fastrtps_cExport-noconfig.cmake
[1.054s] -- Up-to-date: /home/project/install/serve_interfaces/share/serve_interfaces/cmake/export_serve_interfaces__rosidl_generator_cppExport.cmake
[1.054s] -- Up-to-date: /home/project/install/serve_interfaces/share/serve_interfaces/cmake/export_serve_interfaces__rosidl_typesupport_fastrtps_cppExport.cmake
[1.054s] -- Up-to-date: /home/project/install/serve_interfaces/share/serve_interfaces/cmake/export_serve_interfaces__rosidl_typesupport_fastrtps_cppExport-noconfig.cmake
[1.054s] -- Up-to-date: /home/project/install/serve_interfaces/share/serve_interfaces/cmake/serve_interfaces__rosidl_typesupport_introspection_cExport.cmake
[1.054s] -- Up-to-date: /home/project/install/serve_interfaces/share/serve_interfaces/cmake/serve_interfaces__rosidl_typesupport_introspection_cExport-noconfig.cmake
[1.054s] -- Up-to-date: /home/project/install/serve_interfaces/share/serve_interfaces/cmake/serve_interfaces__rosidl_typesupport_cExport.cmake
[1.054s] -- Up-to-date: /home/project/install/serve_interfaces/share/serve_interfaces/cmake/serve_interfaces__rosidl_typesupport_cExport-noconfig.cmake
[1.054s] -- Up-to-date: /home/project/install/serve_interfaces/share/serve_interfaces/cmake/serve_interfaces__rosidl_typesupport_introspection_cppExport.cmake
[1.054s] -- Up-to-date: /home/project/install/serve_interfaces/share/serve_interfaces/cmake/serve_interfaces__rosidl_typesupport_introspection_cppExport-noconfig.cmake
[1.054s] -- Up-to-date: /home/project/install/serve_interfaces/share/serve_interfaces/cmake/serve_interfaces__rosidl_typesupport_cppExport.cmake
[1.054s] -- Up-to-date: /home/project/install/serve_interfaces/share/serve_interfaces/cmake/serve_interfaces__rosidl_typesupport_cppExport-noconfig.cmake
[1.054s] -- Up-to-date: /home/project/install/serve_interfaces/share/serve_interfaces/cmake/export_serve_interfaces__rosidl_generator_pyExport.cmake
[1.054s] -- Up-to-date: /home/project/install/serve_interfaces/share/serve_interfaces/cmake/export_serve_interfaces__rosidl_generator_pyExport-noconfig.cmake
[1.054s] -- Up-to-date: /home/project/install/serve_interfaces/share/serve_interfaces/cmake/rosidl_cmake-extras.cmake
[1.054s] -- Up-to-date: /home/project/install/serve_interfaces/share/serve_interfaces/cmake/ament_cmake_export_dependencies-extras.cmake
[1.054s] -- Up-to-date: /home/project/install/serve_interfaces/share/serve_interfaces/cmake/ament_cmake_export_include_directories-extras.cmake
[1.054s] -- Up-to-date: /home/project/install/serve_interfaces/share/serve_interfaces/cmake/ament_cmake_export_libraries-extras.cmake
[1.054s] -- Up-to-date: /home/project/install/serve_interfaces/share/serve_interfaces/cmake/ament_cmake_export_targets-extras.cmake
[1.055s] -- Up-to-date: /home/project/install/serve_interfaces/share/serve_interfaces/cmake/rosidl_cmake_export_typesupport_targets-extras.cmake
[1.055s] -- Up-to-date: /home/project/install/serve_interfaces/share/serve_interfaces/cmake/rosidl_cmake_export_typesupport_libraries-extras.cmake
[1.055s] -- Up-to-date: /home/project/install/serve_interfaces/share/serve_interfaces/cmake/serve_interfacesConfig.cmake
[1.055s] -- Up-to-date: /home/project/install/serve_interfaces/share/serve_interfaces/cmake/serve_interfacesConfig-version.cmake
[1.055s] -- Up-to-date: /home/project/install/serve_interfaces/share/serve_interfaces/package.xml
[1.055s] Invoked command in '/home/project/build/serve_interfaces' returned '0': CMAKE_PREFIX_PATH=/opt/ros/humble /usr/bin/cmake --install /home/project/build/serve_interfaces
