[0.004s] Invoking command in '/home/project/build/serve_interfaces': CMAKE_PREFIX_PATH=/opt/ros/humble /usr/bin/cmake /home/project/serve_interfaces -DCMAKE_INSTALL_PREFIX=/home/project/install/serve_interfaces
[0.056s] -- The C compiler identification is GNU 11.4.0
[0.094s] -- The CXX compiler identification is GNU 11.4.0
[0.099s] -- Detecting C compiler ABI info
[0.125s] -- Detecting C compiler ABI info - done
[0.128s] -- Check for working C compiler: /usr/bin/cc - skipped
[0.128s] -- Detecting C compile features
[0.129s] -- Detecting C compile features - done
[0.130s] -- Detecting CXX compiler ABI info
[0.157s] -- Detecting CXX compiler ABI info - done
[0.160s] -- Check for working CXX compiler: /usr/bin/c++ - skipped
[0.160s] -- Detecting CXX compile features
[0.160s] -- Detecting CXX compile features - done
[0.163s] -- Found geometry_msgs: 4.9.0 (/opt/ros/humble/share/geometry_msgs/cmake)
[0.213s] -- Found Python3: /usr/bin/python3 (found version "3.10.12") found components: Interpreter 
[0.276s] -- Found rosidl_generator_c: 3.1.7 (/opt/ros/humble/share/rosidl_generator_c/cmake)
[0.279s] -- Found rosidl_adapter: 3.1.7 (/opt/ros/humble/share/rosidl_adapter/cmake)
[0.284s] -- Found rosidl_generator_cpp: 3.1.7 (/opt/ros/humble/share/rosidl_generator_cpp/cmake)
[0.292s] -- Using all available rosidl_typesupport_c: rosidl_typesupport_fastrtps_c;rosidl_typesupport_introspection_c
[0.302s] -- Using all available rosidl_typesupport_cpp: rosidl_typesupport_fastrtps_cpp;rosidl_typesupport_introspection_cpp
[0.323s] -- Found rosidl_default_generators: 1.2.0 (/opt/ros/humble/share/rosidl_default_generators/cmake)
[0.368s] [31mCMake Error at /opt/ros/humble/share/rosidl_adapter/cmake/rosidl_adapt_interfaces.cmake:59 (message):
[0.368s]   execute_process(/usr/bin/python3 -m rosidl_adapter --package-name
[0.368s]   serve_interfaces --arguments-file
[0.368s]   /home/project/build/serve_interfaces/rosidl_adapter__arguments__serve_interfaces.json
[0.368s]   --output-dir
[0.368s]   /home/project/build/serve_interfaces/rosidl_adapter/serve_interfaces
[0.369s]   --output-file
[0.369s]   /home/project/build/serve_interfaces/rosidl_adapter/serve_interfaces.idls)
[0.369s]   returned error code 1:
[0.369s] 
[0.369s]   Error processing 'double distance' of 'serve_interfaces/Data': ''double' is
[0.369s]   an invalid message name.  It should have the pattern '^[A-Z][A-Za-z0-9]*$''
[0.369s] 
[0.369s]   Traceback (most recent call last):
[0.369s] 
[0.369s]     File "/usr/lib/python3.10/runpy.py", line 196, in _run_module_as_main
[0.369s]       return _run_code(code, main_globals, None,
[0.369s]     File "/usr/lib/python3.10/runpy.py", line 86, in _run_code
[0.369s]       exec(code, run_globals)
[0.369s]     File "/opt/ros/humble/local/lib/python3.10/dist-packages/rosidl_adapter/__main__.py", line 19, in <module>
[0.369s]       sys.exit(main())
[0.369s]     File "/opt/ros/humble/local/lib/python3.10/dist-packages/rosidl_adapter/main.py", line 53, in main
[0.369s]       abs_idl_file = convert_to_idl(
[0.369s]     File "/opt/ros/humble/local/lib/python3.10/dist-packages/rosidl_adapter/__init__.py", line 19, in convert_to_idl
[0.369s]       return convert_msg_to_idl(
[0.369s]     File "/opt/ros/humble/local/lib/python3.10/dist-packages/rosidl_adapter/msg/__init__.py", line 28, in convert_msg_to_idl
[0.369s]       msg = parse_message_string(package_name, input_file.stem, content)
[0.369s]     File "/opt/ros/humble/local/lib/python3.10/dist-packages/rosidl_adapter/parser.py", line 520, in parse_message_string
[0.369s]       Type(type_string, context_package_name=pkg_name),
[0.369s]     File "/opt/ros/humble/local/lib/python3.10/dist-packages/rosidl_adapter/parser.py", line 277, in __init__
[0.369s]       super(Type, self).__init__(
[0.369s]     File "/opt/ros/humble/local/lib/python3.10/dist-packages/rosidl_adapter/parser.py", line 205, in __init__
[0.369s]       raise InvalidResourceName(
[0.369s] 
[0.369s]   rosidl_adapter.parser.InvalidResourceName: 'double' is an invalid message
[0.369s]   name.  It should have the pattern '^[A-Z][A-Za-z0-9]*$'
[0.369s] 
[0.369s] Call Stack (most recent call first):
[0.369s]   /opt/ros/humble/share/rosidl_cmake/cmake/rosidl_generate_interfaces.cmake:130 (rosidl_adapt_interfaces)
[0.369s]   CMakeLists.txt:11 (rosidl_generate_interfaces)
[0.369s] 
[0.369s] [0m
[0.369s] -- Configuring incomplete, errors occurred!
[0.369s] See also "/home/project/build/serve_interfaces/CMakeFiles/CMakeOutput.log".
[0.371s] Invoked command in '/home/project/build/serve_interfaces' returned '1': CMAKE_PREFIX_PATH=/opt/ros/humble /usr/bin/cmake /home/project/serve_interfaces -DCMAKE_INSTALL_PREFIX=/home/project/install/serve_interfaces
