[0.042s] DEBUG:colcon:Command line arguments: ['/usr/bin/colcon', 'build', '--packages-select', 'serve-interfaces']
[0.042s] DEBUG:colcon:Parsed command line arguments: Namespace(log_base=None, log_level=None, verb_name='build', build_base='build', install_base='install', merge_install=False, symlink_install=False, test_result_base=None, continue_on_error=False, executor='parallel', parallel_workers=10, event_handlers=None, ignore_user_meta=False, metas=['./colcon.meta'], base_paths=['.'], packages_ignore=None, packages_ignore_regex=None, paths=None, packages_up_to=None, packages_up_to_regex=None, packages_above=None, packages_above_and_dependencies=None, packages_above_depth=None, packages_select_by_dep=None, packages_skip_by_dep=None, packages_skip_up_to=None, packages_select_build_failed=False, packages_skip_build_finished=False, packages_select_test_failures=False, packages_skip_test_passed=False, packages_select=['serve-interfaces'], packages_skip=None, packages_select_regex=None, packages_skip_regex=None, packages_start=None, packages_end=None, cmake_args=None, cmake_target=None, cmake_target_skip_unavailable=False, cmake_clean_cache=False, cmake_clean_first=False, cmake_force_configure=False, ament_cmake_args=None, catkin_cmake_args=None, catkin_skip_building_tests=False, mixin_files=None, mixin=None, verb_parser=<colcon_mixin.mixin.mixin_argument.MixinArgumentDecorator object at 0xffffb4899f30>, verb_extension=<colcon_core.verb.build.BuildVerb object at 0xffffb4acb6a0>, main=<bound method BuildVerb.main of <colcon_core.verb.build.BuildVerb object at 0xffffb4acb6a0>>, mixin_verb=('build',))
[0.076s] Level 1:colcon.colcon_core.package_discovery:discover_packages(colcon_meta) check parameters
[0.077s] INFO:colcon.colcon_metadata.package_discovery.colcon_meta:Using configuration from '/root/.colcon/metadata/default/Gazebo.meta'
[0.077s] INFO:colcon.colcon_metadata.package_discovery.colcon_meta:Using configuration from '/root/.colcon/metadata/default/fastdds.meta'
[0.077s] INFO:colcon.colcon_metadata.package_discovery.colcon_meta:Using configuration from '/root/.colcon/metadata/default/fastrtps.meta'
[0.077s] Level 1:colcon.colcon_core.package_discovery:discover_packages(recursive) check parameters
[0.077s] Level 1:colcon.colcon_core.package_discovery:discover_packages(ignore) check parameters
[0.077s] Level 1:colcon.colcon_core.package_discovery:discover_packages(path) check parameters
[0.077s] Level 1:colcon.colcon_core.package_discovery:discover_packages(colcon_meta) discover
[0.077s] Level 1:colcon.colcon_core.package_discovery:discover_packages(recursive) discover
[0.077s] INFO:colcon.colcon_core.package_discovery:Crawling recursively for packages in '/home/project'
[0.077s] Level 1:colcon.colcon_core.package_identification:_identify(.) by extensions ['ignore', 'ignore_ament_install']
[0.077s] Level 1:colcon.colcon_core.package_identification:_identify(.) by extension 'ignore'
[0.077s] Level 1:colcon.colcon_core.package_identification:_identify(.) by extension 'ignore_ament_install'
[0.077s] Level 1:colcon.colcon_core.package_identification:_identify(.) by extensions ['colcon_pkg']
[0.077s] Level 1:colcon.colcon_core.package_identification:_identify(.) by extension 'colcon_pkg'
[0.077s] Level 1:colcon.colcon_core.package_identification:_identify(.) by extensions ['colcon_meta']
[0.077s] Level 1:colcon.colcon_core.package_identification:_identify(.) by extension 'colcon_meta'
[0.077s] Level 1:colcon.colcon_core.package_identification:_identify(.) by extensions ['ros']
[0.077s] Level 1:colcon.colcon_core.package_identification:_identify(.) by extension 'ros'
[0.081s] Level 1:colcon.colcon_core.package_identification:_identify(.) by extensions ['cmake', 'python']
[0.081s] Level 1:colcon.colcon_core.package_identification:_identify(.) by extension 'cmake'
[0.081s] Level 1:colcon.colcon_core.package_identification:_identify(.) by extension 'python'
[0.081s] Level 1:colcon.colcon_core.package_identification:_identify(.) by extensions ['python_setup_py']
[0.081s] Level 1:colcon.colcon_core.package_identification:_identify(.) by extension 'python_setup_py'
[0.081s] Level 1:colcon.colcon_core.package_identification:_identify(build) by extensions ['ignore', 'ignore_ament_install']
[0.081s] Level 1:colcon.colcon_core.package_identification:_identify(build) by extension 'ignore'
[0.081s] Level 1:colcon.colcon_core.package_identification:_identify(build) ignored
[0.081s] Level 1:colcon.colcon_core.package_identification:_identify(install) by extensions ['ignore', 'ignore_ament_install']
[0.081s] Level 1:colcon.colcon_core.package_identification:_identify(install) by extension 'ignore'
[0.081s] Level 1:colcon.colcon_core.package_identification:_identify(install) ignored
[0.082s] Level 1:colcon.colcon_core.package_identification:_identify(log) by extensions ['ignore', 'ignore_ament_install']
[0.082s] Level 1:colcon.colcon_core.package_identification:_identify(log) by extension 'ignore'
[0.082s] Level 1:colcon.colcon_core.package_identification:_identify(log) ignored
[0.082s] Level 1:colcon.colcon_core.package_identification:_identify(serve-interfaces) by extensions ['ignore', 'ignore_ament_install']
[0.082s] Level 1:colcon.colcon_core.package_identification:_identify(serve-interfaces) by extension 'ignore'
[0.082s] Level 1:colcon.colcon_core.package_identification:_identify(serve-interfaces) by extension 'ignore_ament_install'
[0.082s] Level 1:colcon.colcon_core.package_identification:_identify(serve-interfaces) by extensions ['colcon_pkg']
[0.082s] Level 1:colcon.colcon_core.package_identification:_identify(serve-interfaces) by extension 'colcon_pkg'
[0.082s] Level 1:colcon.colcon_core.package_identification:_identify(serve-interfaces) by extensions ['colcon_meta']
[0.082s] Level 1:colcon.colcon_core.package_identification:_identify(serve-interfaces) by extension 'colcon_meta'
[0.082s] Level 1:colcon.colcon_core.package_identification:_identify(serve-interfaces) by extensions ['ros']
[0.082s] Level 1:colcon.colcon_core.package_identification:_identify(serve-interfaces) by extension 'ros'
[0.083s] DEBUG:colcon.colcon_core.package_identification:Package 'serve-interfaces' with type 'ros.ament_cmake' and name 'serve-interfaces'
[0.083s] Level 1:colcon.colcon_core.package_identification:_identify(serve-sensor) by extensions ['ignore', 'ignore_ament_install']
[0.083s] Level 1:colcon.colcon_core.package_identification:_identify(serve-sensor) by extension 'ignore'
[0.083s] Level 1:colcon.colcon_core.package_identification:_identify(serve-sensor) by extension 'ignore_ament_install'
[0.083s] Level 1:colcon.colcon_core.package_identification:_identify(serve-sensor) by extensions ['colcon_pkg']
[0.083s] Level 1:colcon.colcon_core.package_identification:_identify(serve-sensor) by extension 'colcon_pkg'
[0.083s] Level 1:colcon.colcon_core.package_identification:_identify(serve-sensor) by extensions ['colcon_meta']
[0.083s] Level 1:colcon.colcon_core.package_identification:_identify(serve-sensor) by extension 'colcon_meta'
[0.083s] Level 1:colcon.colcon_core.package_identification:_identify(serve-sensor) by extensions ['ros']
[0.083s] Level 1:colcon.colcon_core.package_identification:_identify(serve-sensor) by extension 'ros'
[0.083s] DEBUG:colcon.colcon_core.package_identification:Package 'serve-sensor' with type 'ros.ament_cmake' and name 'serve-sensor'
[0.083s] Level 1:colcon.colcon_core.package_discovery:discover_packages(recursive) using defaults
[0.083s] Level 1:colcon.colcon_core.package_discovery:discover_packages(ignore) discover
[0.083s] Level 1:colcon.colcon_core.package_discovery:discover_packages(ignore) using defaults
[0.083s] Level 1:colcon.colcon_core.package_discovery:discover_packages(path) discover
[0.083s] Level 1:colcon.colcon_core.package_discovery:discover_packages(path) using defaults
[0.090s] INFO:colcon.colcon_core.package_selection:Skipping not selected package 'serve-sensor' in 'serve-sensor'
[0.090s] Level 5:colcon.colcon_core.verb:set package 'serve-interfaces' build argument 'cmake_args' from command line to 'None'
[0.090s] Level 5:colcon.colcon_core.verb:set package 'serve-interfaces' build argument 'cmake_target' from command line to 'None'
[0.090s] Level 5:colcon.colcon_core.verb:set package 'serve-interfaces' build argument 'cmake_target_skip_unavailable' from command line to 'False'
[0.090s] Level 5:colcon.colcon_core.verb:set package 'serve-interfaces' build argument 'cmake_clean_cache' from command line to 'False'
[0.090s] Level 5:colcon.colcon_core.verb:set package 'serve-interfaces' build argument 'cmake_clean_first' from command line to 'False'
[0.090s] Level 5:colcon.colcon_core.verb:set package 'serve-interfaces' build argument 'cmake_force_configure' from command line to 'False'
[0.090s] Level 5:colcon.colcon_core.verb:set package 'serve-interfaces' build argument 'ament_cmake_args' from command line to 'None'
[0.090s] Level 5:colcon.colcon_core.verb:set package 'serve-interfaces' build argument 'catkin_cmake_args' from command line to 'None'
[0.090s] Level 5:colcon.colcon_core.verb:set package 'serve-interfaces' build argument 'catkin_skip_building_tests' from command line to 'False'
[0.090s] DEBUG:colcon.colcon_core.verb:Building package 'serve-interfaces' with the following arguments: {'ament_cmake_args': None, 'build_base': '/home/project/build/serve-interfaces', 'catkin_cmake_args': None, 'catkin_skip_building_tests': False, 'cmake_args': None, 'cmake_clean_cache': False, 'cmake_clean_first': False, 'cmake_force_configure': False, 'cmake_target': None, 'cmake_target_skip_unavailable': False, 'install_base': '/home/project/install/serve-interfaces', 'merge_install': False, 'path': '/home/project/serve-interfaces', 'symlink_install': False, 'test_result_base': None}
[0.090s] INFO:colcon.colcon_core.executor:Executing jobs using 'parallel' executor
[0.091s] DEBUG:colcon.colcon_parallel_executor.executor.parallel:run_until_complete
[0.091s] INFO:colcon.colcon_ros.task.ament_cmake.build:Building ROS package in '/home/project/serve-interfaces' with build type 'ament_cmake'
[0.091s] INFO:colcon.colcon_cmake.task.cmake.build:Building CMake package in '/home/project/serve-interfaces'
[0.091s] INFO:colcon.colcon_core.plugin_system:Skipping extension 'colcon_core.shell.bat': Not used on non-Windows systems
[0.091s] INFO:colcon.colcon_core.shell:Skip shell extension 'powershell' for command environment: Not usable outside of PowerShell
[0.091s] DEBUG:colcon.colcon_core.shell:Skip shell extension 'dsv' for command environment
[0.095s] DEBUG:colcon.colcon_core.event_handler.log_command:Invoking command in '/home/project/build/serve-interfaces': CMAKE_PREFIX_PATH=/opt/ros/humble /usr/bin/cmake /home/project/serve-interfaces -DCMAKE_INSTALL_PREFIX=/home/project/install/serve-interfaces
[0.250s] DEBUG:colcon.colcon_core.event_handler.log_command:Invoked command in '/home/project/build/serve-interfaces' returned '1': CMAKE_PREFIX_PATH=/opt/ros/humble /usr/bin/cmake /home/project/serve-interfaces -DCMAKE_INSTALL_PREFIX=/home/project/install/serve-interfaces
[0.254s] Level 1:colcon.colcon_core.environment:create_environment_scripts_only(serve-interfaces)
[0.255s] Level 1:colcon.colcon_core.environment:checking '/home/project/install/serve-interfaces' for CMake module files
[0.255s] Level 1:colcon.colcon_core.environment:checking '/home/project/install/serve-interfaces' for CMake config files
[0.255s] Level 1:colcon.colcon_core.environment:checking '/home/project/install/serve-interfaces/bin'
[0.255s] Level 1:colcon.colcon_core.environment:checking '/home/project/install/serve-interfaces/lib/pkgconfig/serve-interfaces.pc'
[0.256s] Level 1:colcon.colcon_core.environment:checking '/home/project/install/serve-interfaces/lib/python3.10/site-packages'
[0.256s] Level 1:colcon.colcon_core.environment:checking '/home/project/install/serve-interfaces/bin'
[0.256s] INFO:colcon.colcon_core.shell:Creating package script '/home/project/install/serve-interfaces/share/serve-interfaces/package.ps1'
[0.256s] INFO:colcon.colcon_core.shell:Creating package descriptor '/home/project/install/serve-interfaces/share/serve-interfaces/package.dsv'
[0.256s] INFO:colcon.colcon_core.shell:Creating package script '/home/project/install/serve-interfaces/share/serve-interfaces/package.sh'
[0.257s] INFO:colcon.colcon_core.shell:Creating package script '/home/project/install/serve-interfaces/share/serve-interfaces/package.bash'
[0.257s] INFO:colcon.colcon_core.shell:Creating package script '/home/project/install/serve-interfaces/share/serve-interfaces/package.zsh'
[0.257s] Level 1:colcon.colcon_core.environment:create_file_with_runtime_dependencies(/home/project/install/serve-interfaces/share/colcon-core/packages/serve-interfaces)
[0.269s] DEBUG:colcon.colcon_parallel_executor.executor.parallel:closing loop
[0.269s] DEBUG:colcon.colcon_parallel_executor.executor.parallel:loop closed
[0.269s] DEBUG:colcon.colcon_parallel_executor.executor.parallel:run_until_complete finished with '1'
[0.269s] DEBUG:colcon.colcon_core.event_reactor:joining thread
[0.271s] INFO:colcon.colcon_core.plugin_system:Skipping extension 'colcon_notification.desktop_notification.notify_send': Could not find 'notify-send'
[0.271s] INFO:colcon.colcon_core.plugin_system:Skipping extension 'colcon_notification.desktop_notification.terminal_notifier': Not used on non-Darwin systems
[0.271s] INFO:colcon.colcon_core.plugin_system:Skipping extension 'colcon_notification.desktop_notification.win32': Not used on non-Windows systems
[0.271s] INFO:colcon.colcon_notification.desktop_notification:Sending desktop notification using 'notify2'
[0.271s] DEBUG:colcon.colcon_notification.desktop_notification.notify2:Failed to initialize notify2: org.freedesktop.DBus.Error.NotSupported: Unable to autolaunch a dbus-daemon without a $DISPLAY for X11
[0.271s] DEBUG:colcon.colcon_core.event_reactor:joined thread
[0.271s] INFO:colcon.colcon_core.shell:Creating prefix script '/home/project/install/local_setup.ps1'
[0.271s] INFO:colcon.colcon_core.shell:Creating prefix util module '/home/project/install/_local_setup_util_ps1.py'
[0.272s] INFO:colcon.colcon_core.shell:Creating prefix chain script '/home/project/install/setup.ps1'
[0.272s] INFO:colcon.colcon_core.shell:Creating prefix script '/home/project/install/local_setup.sh'
[0.272s] INFO:colcon.colcon_core.shell:Creating prefix util module '/home/project/install/_local_setup_util_sh.py'
[0.272s] INFO:colcon.colcon_core.shell:Creating prefix chain script '/home/project/install/setup.sh'
[0.273s] INFO:colcon.colcon_core.shell:Creating prefix script '/home/project/install/local_setup.bash'
[0.273s] INFO:colcon.colcon_core.shell:Creating prefix chain script '/home/project/install/setup.bash'
[0.273s] INFO:colcon.colcon_core.shell:Creating prefix script '/home/project/install/local_setup.zsh'
[0.273s] INFO:colcon.colcon_core.shell:Creating prefix chain script '/home/project/install/setup.zsh'
