[0.003s] Invoking command in '/home/project/build/serve_interfaces': CMAKE_PREFIX_PATH=/opt/ros/humble /usr/bin/cmake /home/project/serve_interfaces -DCMAKE_INSTALL_PREFIX=/home/project/install/serve_interfaces
[0.023s] -- The C compiler identification is GNU 11.4.0
[0.044s] -- The CXX compiler identification is GNU 11.4.0
[0.046s] -- Detecting C compiler ABI info
[0.069s] -- Detecting C compiler ABI info - done
[0.072s] -- Check for working C compiler: /usr/bin/cc - skipped
[0.072s] -- Detecting C compile features
[0.072s] -- Detecting C compile features - done
[0.073s] -- Detecting CXX compiler ABI info
[0.100s] -- Detecting CXX compiler ABI info - done
[0.103s] -- Check for working CXX compiler: /usr/bin/c++ - skipped
[0.103s] -- Detecting CXX compile features
[0.103s] -- Detecting CXX compile features - done
[0.104s] -- Found geometry_msgs: 4.9.0 (/opt/ros/humble/share/geometry_msgs/cmake)
[0.148s] -- Found Python3: /usr/bin/python3 (found version "3.10.12") found components: Interpreter 
[0.187s] -- Found rosidl_generator_c: 3.1.7 (/opt/ros/humble/share/rosidl_generator_c/cmake)
[0.188s] -- Found rosidl_adapter: 3.1.7 (/opt/ros/humble/share/rosidl_adapter/cmake)
[0.191s] -- Found rosidl_generator_cpp: 3.1.7 (/opt/ros/humble/share/rosidl_generator_cpp/cmake)
[0.195s] -- Using all available rosidl_typesupport_c: rosidl_typesupport_fastrtps_c;rosidl_typesupport_introspection_c
[0.200s] -- Using all available rosidl_typesupport_cpp: rosidl_typesupport_fastrtps_cpp;rosidl_typesupport_introspection_cpp
[0.214s] -- Found rosidl_default_generators: 1.2.0 (/opt/ros/humble/share/rosidl_default_generators/cmake)
[0.306s] -- Found ament_cmake_ros: 0.10.0 (/opt/ros/humble/share/ament_cmake_ros/cmake)
[0.441s] -- Using all available rosidl_typesupport_c: rosidl_typesupport_fastrtps_c;rosidl_typesupport_introspection_c
[0.494s] -- Using all available rosidl_typesupport_cpp: rosidl_typesupport_fastrtps_cpp;rosidl_typesupport_introspection_cpp
[0.502s] -- Found PythonInterp: /usr/bin/python3 (found suitable version "3.10.12", minimum required is "3.6") 
[0.503s] -- Found python_cmake_module: 0.10.0 (/opt/ros/humble/share/python_cmake_module/cmake)
[0.509s] -- Found PythonLibs: /usr/lib/aarch64-linux-gnu/libpython3.10.so (found suitable version "3.10.12", minimum required is "3.5") 
[0.510s] -- Using PYTHON_EXECUTABLE: /usr/bin/python3
[0.510s] -- Using PYTHON_INCLUDE_DIRS: /usr/include/python3.10
[0.510s] -- Using PYTHON_LIBRARIES: /usr/lib/aarch64-linux-gnu/libpython3.10.so
[0.515s] -- Found PythonExtra: .so  
[0.536s] -- Found ament_lint_auto: 0.12.14 (/opt/ros/humble/share/ament_lint_auto/cmake)
[0.542s] -- Added test 'lint_cmake' to check CMake code style
[0.542s] -- Added test 'xmllint' to check XML markup files
[0.543s] -- Configuring done
[0.556s] -- Generating done
[0.561s] -- Build files have been written to: /home/project/build/serve_interfaces
[0.564s] Invoked command in '/home/project/build/serve_interfaces' returned '0': CMAKE_PREFIX_PATH=/opt/ros/humble /usr/bin/cmake /home/project/serve_interfaces -DCMAKE_INSTALL_PREFIX=/home/project/install/serve_interfaces
[0.564s] Invoking command in '/home/project/build/serve_interfaces': CMAKE_PREFIX_PATH=/opt/ros/humble /usr/bin/cmake --build /home/project/build/serve_interfaces -- -j10 -l10
[0.577s] [  3%] [34m[1mGenerating C code for ROS interfaces[0m
[0.582s] [  6%] [34m[1mGenerating C++ code for ROS interfaces[0m
[0.588s] [  6%] Built target ament_cmake_python_copy_serve_interfaces
[0.657s] running egg_info
[0.657s] creating serve_interfaces.egg-info
[0.657s] writing serve_interfaces.egg-info/PKG-INFO
[0.657s] writing dependency_links to serve_interfaces.egg-info/dependency_links.txt
[0.657s] writing top-level names to serve_interfaces.egg-info/top_level.txt
[0.657s] writing manifest file 'serve_interfaces.egg-info/SOURCES.txt'
[0.658s] reading manifest file 'serve_interfaces.egg-info/SOURCES.txt'
[0.658s] writing manifest file 'serve_interfaces.egg-info/SOURCES.txt'
[0.672s] [  6%] Built target ament_cmake_python_build_serve_interfaces_egg
[0.677s] [  9%] [32mBuilding C object CMakeFiles/serve_interfaces__rosidl_generator_c.dir/rosidl_generator_c/serve_interfaces/msg/detail/data__functions.c.o[0m
[0.678s] [  9%] Built target serve_interfaces__cpp
[0.682s] [ 12%] [34m[1mGenerating C++ type support dispatch for ROS interfaces[0m
[0.682s] [ 16%] [34m[1mGenerating C++ type support for eProsima Fast-RTPS[0m
[0.683s] [ 19%] [34m[1mGenerating C++ introspection for ROS interfaces[0m
[0.696s] [ 22%] [32m[1mLinking C shared library libserve_interfaces__rosidl_generator_c.so[0m
[0.711s] [ 22%] Built target serve_interfaces__rosidl_generator_c
[0.716s] [ 25%] [34m[1mGenerating C introspection for ROS interfaces[0m
[0.718s] [ 32%] [34m[1mGenerating C type support dispatch for ROS interfaces[0m
[0.718s] [ 32%] [34m[1mGenerating C type support for eProsima Fast-RTPS[0m
[0.790s] [ 35%] [32mBuilding CXX object CMakeFiles/serve_interfaces__rosidl_typesupport_fastrtps_cpp.dir/rosidl_typesupport_fastrtps_cpp/serve_interfaces/msg/detail/dds_fastrtps/data__type_support.cpp.o[0m
[0.792s] [ 38%] [32mBuilding CXX object CMakeFiles/serve_interfaces__rosidl_typesupport_cpp.dir/rosidl_typesupport_cpp/serve_interfaces/msg/data__type_support.cpp.o[0m
[0.809s] [ 41%] [32mBuilding CXX object CMakeFiles/serve_interfaces__rosidl_typesupport_introspection_cpp.dir/rosidl_typesupport_introspection_cpp/serve_interfaces/msg/detail/data__type_support.cpp.o[0m
[0.813s] [ 45%] [32mBuilding CXX object CMakeFiles/serve_interfaces__rosidl_typesupport_c.dir/rosidl_typesupport_c/serve_interfaces/msg/data__type_support.cpp.o[0m
[0.816s] [ 48%] [32mBuilding C object CMakeFiles/serve_interfaces__rosidl_typesupport_introspection_c.dir/rosidl_typesupport_introspection_c/serve_interfaces/msg/detail/data__type_support.c.o[0m
[0.824s] [ 51%] [32mBuilding CXX object CMakeFiles/serve_interfaces__rosidl_typesupport_fastrtps_c.dir/rosidl_typesupport_fastrtps_c/serve_interfaces/msg/detail/data__type_support_c.cpp.o[0m
[0.833s] [ 54%] [32m[1mLinking C shared library libserve_interfaces__rosidl_typesupport_introspection_c.so[0m
[0.833s] [ 58%] [32m[1mLinking CXX shared library libserve_interfaces__rosidl_typesupport_c.so[0m
[0.854s] [ 58%] Built target serve_interfaces__rosidl_typesupport_introspection_c
[0.857s] [ 58%] Built target serve_interfaces__rosidl_typesupport_c
[0.888s] [ 61%] [32m[1mLinking CXX shared library libserve_interfaces__rosidl_typesupport_cpp.so[0m
[0.904s] [ 61%] Built target serve_interfaces__rosidl_typesupport_cpp
[0.935s] [ 64%] [32m[1mLinking CXX shared library libserve_interfaces__rosidl_typesupport_fastrtps_cpp.so[0m
[0.940s] [ 67%] [32m[1mLinking CXX shared library libserve_interfaces__rosidl_typesupport_introspection_cpp.so[0m
[0.940s] [ 70%] [32m[1mLinking CXX shared library libserve_interfaces__rosidl_typesupport_fastrtps_c.so[0m
[0.956s] [ 70%] Built target serve_interfaces__rosidl_typesupport_introspection_cpp
[0.961s] [ 70%] Built target serve_interfaces__rosidl_typesupport_fastrtps_cpp
[0.966s] [ 70%] Built target serve_interfaces__rosidl_typesupport_fastrtps_c
[0.972s] [ 70%] Built target serve_interfaces
[0.977s] [ 74%] [34m[1mGenerating Python code for ROS interfaces[0m
[1.097s] [ 74%] Built target serve_interfaces__py
[1.103s] [ 77%] [32mBuilding C object CMakeFiles/serve_interfaces__rosidl_generator_py.dir/rosidl_generator_py/serve_interfaces/msg/_data_s.c.o[0m
[1.137s] [ 80%] [32m[1mLinking C shared library rosidl_generator_py/serve_interfaces/libserve_interfaces__rosidl_generator_py.so[0m
[1.150s] [ 80%] Built target serve_interfaces__rosidl_generator_py
[1.157s] [ 87%] [32mBuilding C object CMakeFiles/serve_interfaces__rosidl_typesupport_fastrtps_c__pyext.dir/rosidl_generator_py/serve_interfaces/_serve_interfaces_s.ep.rosidl_typesupport_fastrtps_c.c.o[0m
[1.157s] [ 87%] [32mBuilding C object CMakeFiles/serve_interfaces__rosidl_typesupport_introspection_c__pyext.dir/rosidl_generator_py/serve_interfaces/_serve_interfaces_s.ep.rosidl_typesupport_introspection_c.c.o[0m
[1.157s] [ 90%] [32mBuilding C object CMakeFiles/serve_interfaces__rosidl_typesupport_c__pyext.dir/rosidl_generator_py/serve_interfaces/_serve_interfaces_s.ep.rosidl_typesupport_c.c.o[0m
[1.194s] [100%] [32m[1mLinking C shared library rosidl_generator_py/serve_interfaces/serve_interfaces_s__rosidl_typesupport_fastrtps_c.cpython-310-aarch64-linux-gnu.so[0m
[1.194s] [100%] [32m[1mLinking C shared library rosidl_generator_py/serve_interfaces/serve_interfaces_s__rosidl_typesupport_introspection_c.cpython-310-aarch64-linux-gnu.so[0m
[1.194s] [100%] [32m[1mLinking C shared library rosidl_generator_py/serve_interfaces/serve_interfaces_s__rosidl_typesupport_c.cpython-310-aarch64-linux-gnu.so[0m
[1.208s] [100%] Built target serve_interfaces__rosidl_typesupport_c__pyext
[1.208s] [100%] Built target serve_interfaces__rosidl_typesupport_introspection_c__pyext
[1.208s] [100%] Built target serve_interfaces__rosidl_typesupport_fastrtps_c__pyext
[1.212s] Invoked command in '/home/project/build/serve_interfaces' returned '0': CMAKE_PREFIX_PATH=/opt/ros/humble /usr/bin/cmake --build /home/project/build/serve_interfaces -- -j10 -l10
[1.215s] Invoking command in '/home/project/build/serve_interfaces': CMAKE_PREFIX_PATH=/opt/ros/humble /usr/bin/cmake --install /home/project/build/serve_interfaces
[1.217s] -- Install configuration: ""
[1.217s] -- Installing: /home/project/install/serve_interfaces/share/ament_index/resource_index/rosidl_interfaces/serve_interfaces
[1.217s] -- Installing: /home/project/install/serve_interfaces/include/serve_interfaces/serve_interfaces
[1.218s] -- Installing: /home/project/install/serve_interfaces/include/serve_interfaces/serve_interfaces/msg
[1.218s] -- Installing: /home/project/install/serve_interfaces/include/serve_interfaces/serve_interfaces/msg/rosidl_generator_c__visibility_control.h
[1.218s] -- Installing: /home/project/install/serve_interfaces/include/serve_interfaces/serve_interfaces/msg/detail
[1.218s] -- Installing: /home/project/install/serve_interfaces/include/serve_interfaces/serve_interfaces/msg/detail/data__functions.h
[1.218s] -- Installing: /home/project/install/serve_interfaces/include/serve_interfaces/serve_interfaces/msg/detail/data__type_support.h
[1.218s] -- Installing: /home/project/install/serve_interfaces/include/serve_interfaces/serve_interfaces/msg/detail/data__struct.h
[1.218s] -- Installing: /home/project/install/serve_interfaces/include/serve_interfaces/serve_interfaces/msg/detail/data__functions.c
[1.218s] -- Installing: /home/project/install/serve_interfaces/include/serve_interfaces/serve_interfaces/msg/data.h
[1.218s] -- Installing: /home/project/install/serve_interfaces/share/serve_interfaces/environment/library_path.sh
[1.218s] -- Installing: /home/project/install/serve_interfaces/share/serve_interfaces/environment/library_path.dsv
[1.218s] -- Installing: /home/project/install/serve_interfaces/lib/libserve_interfaces__rosidl_generator_c.so
[1.218s] -- Set runtime path of "/home/project/install/serve_interfaces/lib/libserve_interfaces__rosidl_generator_c.so" to ""
[1.218s] -- Up-to-date: /home/project/install/serve_interfaces/include/serve_interfaces/serve_interfaces
[1.218s] -- Up-to-date: /home/project/install/serve_interfaces/include/serve_interfaces/serve_interfaces/msg
[1.218s] -- Installing: /home/project/install/serve_interfaces/include/serve_interfaces/serve_interfaces/msg/rosidl_typesupport_fastrtps_c__visibility_control.h
[1.218s] -- Up-to-date: /home/project/install/serve_interfaces/include/serve_interfaces/serve_interfaces/msg/detail
[1.218s] -- Installing: /home/project/install/serve_interfaces/include/serve_interfaces/serve_interfaces/msg/detail/data__rosidl_typesupport_fastrtps_c.h
[1.218s] -- Installing: /home/project/install/serve_interfaces/lib/libserve_interfaces__rosidl_typesupport_fastrtps_c.so
[1.218s] -- Set runtime path of "/home/project/install/serve_interfaces/lib/libserve_interfaces__rosidl_typesupport_fastrtps_c.so" to ""
[1.219s] -- Up-to-date: /home/project/install/serve_interfaces/include/serve_interfaces/serve_interfaces
[1.219s] -- Up-to-date: /home/project/install/serve_interfaces/include/serve_interfaces/serve_interfaces/msg
[1.219s] -- Installing: /home/project/install/serve_interfaces/include/serve_interfaces/serve_interfaces/msg/data.hpp
[1.219s] -- Installing: /home/project/install/serve_interfaces/include/serve_interfaces/serve_interfaces/msg/rosidl_generator_cpp__visibility_control.hpp
[1.219s] -- Up-to-date: /home/project/install/serve_interfaces/include/serve_interfaces/serve_interfaces/msg/detail
[1.219s] -- Installing: /home/project/install/serve_interfaces/include/serve_interfaces/serve_interfaces/msg/detail/data__struct.hpp
[1.219s] -- Installing: /home/project/install/serve_interfaces/include/serve_interfaces/serve_interfaces/msg/detail/data__type_support.hpp
[1.219s] -- Installing: /home/project/install/serve_interfaces/include/serve_interfaces/serve_interfaces/msg/detail/data__builder.hpp
[1.219s] -- Installing: /home/project/install/serve_interfaces/include/serve_interfaces/serve_interfaces/msg/detail/data__traits.hpp
[1.219s] -- Up-to-date: /home/project/install/serve_interfaces/include/serve_interfaces/serve_interfaces
[1.219s] -- Up-to-date: /home/project/install/serve_interfaces/include/serve_interfaces/serve_interfaces/msg
[1.219s] -- Up-to-date: /home/project/install/serve_interfaces/include/serve_interfaces/serve_interfaces/msg/detail
[1.219s] -- Installing: /home/project/install/serve_interfaces/include/serve_interfaces/serve_interfaces/msg/detail/data__rosidl_typesupport_fastrtps_cpp.hpp
[1.219s] -- Installing: /home/project/install/serve_interfaces/include/serve_interfaces/serve_interfaces/msg/detail/dds_fastrtps
[1.219s] -- Installing: /home/project/install/serve_interfaces/include/serve_interfaces/serve_interfaces/msg/rosidl_typesupport_fastrtps_cpp__visibility_control.h
[1.219s] -- Installing: /home/project/install/serve_interfaces/lib/libserve_interfaces__rosidl_typesupport_fastrtps_cpp.so
[1.219s] -- Set runtime path of "/home/project/install/serve_interfaces/lib/libserve_interfaces__rosidl_typesupport_fastrtps_cpp.so" to ""
[1.219s] -- Up-to-date: /home/project/install/serve_interfaces/include/serve_interfaces/serve_interfaces
[1.219s] -- Up-to-date: /home/project/install/serve_interfaces/include/serve_interfaces/serve_interfaces/msg
[1.219s] -- Installing: /home/project/install/serve_interfaces/include/serve_interfaces/serve_interfaces/msg/rosidl_typesupport_introspection_c__visibility_control.h
[1.219s] -- Up-to-date: /home/project/install/serve_interfaces/include/serve_interfaces/serve_interfaces/msg/detail
[1.219s] -- Installing: /home/project/install/serve_interfaces/include/serve_interfaces/serve_interfaces/msg/detail/data__type_support.c
[1.219s] -- Installing: /home/project/install/serve_interfaces/include/serve_interfaces/serve_interfaces/msg/detail/data__rosidl_typesupport_introspection_c.h
[1.219s] -- Installing: /home/project/install/serve_interfaces/lib/libserve_interfaces__rosidl_typesupport_introspection_c.so
[1.219s] -- Set runtime path of "/home/project/install/serve_interfaces/lib/libserve_interfaces__rosidl_typesupport_introspection_c.so" to ""
[1.219s] -- Installing: /home/project/install/serve_interfaces/lib/libserve_interfaces__rosidl_typesupport_c.so
[1.219s] -- Set runtime path of "/home/project/install/serve_interfaces/lib/libserve_interfaces__rosidl_typesupport_c.so" to ""
[1.219s] -- Up-to-date: /home/project/install/serve_interfaces/include/serve_interfaces/serve_interfaces
[1.220s] -- Up-to-date: /home/project/install/serve_interfaces/include/serve_interfaces/serve_interfaces/msg
[1.220s] -- Up-to-date: /home/project/install/serve_interfaces/include/serve_interfaces/serve_interfaces/msg/detail
[1.220s] -- Installing: /home/project/install/serve_interfaces/include/serve_interfaces/serve_interfaces/msg/detail/data__rosidl_typesupport_introspection_cpp.hpp
[1.220s] -- Installing: /home/project/install/serve_interfaces/include/serve_interfaces/serve_interfaces/msg/detail/data__type_support.cpp
[1.220s] -- Installing: /home/project/install/serve_interfaces/lib/libserve_interfaces__rosidl_typesupport_introspection_cpp.so
[1.220s] -- Set runtime path of "/home/project/install/serve_interfaces/lib/libserve_interfaces__rosidl_typesupport_introspection_cpp.so" to ""
[1.220s] -- Installing: /home/project/install/serve_interfaces/lib/libserve_interfaces__rosidl_typesupport_cpp.so
[1.220s] -- Set runtime path of "/home/project/install/serve_interfaces/lib/libserve_interfaces__rosidl_typesupport_cpp.so" to ""
[1.220s] -- Installing: /home/project/install/serve_interfaces/share/serve_interfaces/environment/pythonpath.sh
[1.220s] -- Installing: /home/project/install/serve_interfaces/share/serve_interfaces/environment/pythonpath.dsv
[1.220s] -- Installing: /home/project/install/serve_interfaces/local/lib/python3.10/dist-packages/serve_interfaces-0.0.0-py3.10.egg-info
[1.220s] -- Installing: /home/project/install/serve_interfaces/local/lib/python3.10/dist-packages/serve_interfaces-0.0.0-py3.10.egg-info/SOURCES.txt
[1.220s] -- Installing: /home/project/install/serve_interfaces/local/lib/python3.10/dist-packages/serve_interfaces-0.0.0-py3.10.egg-info/PKG-INFO
[1.220s] -- Installing: /home/project/install/serve_interfaces/local/lib/python3.10/dist-packages/serve_interfaces-0.0.0-py3.10.egg-info/dependency_links.txt
[1.220s] -- Installing: /home/project/install/serve_interfaces/local/lib/python3.10/dist-packages/serve_interfaces-0.0.0-py3.10.egg-info/top_level.txt
[1.220s] -- Installing: /home/project/install/serve_interfaces/local/lib/python3.10/dist-packages/serve_interfaces
[1.220s] -- Installing: /home/project/install/serve_interfaces/local/lib/python3.10/dist-packages/serve_interfaces/_serve_interfaces_s.ep.rosidl_typesupport_c.c
[1.220s] -- Installing: /home/project/install/serve_interfaces/local/lib/python3.10/dist-packages/serve_interfaces/libserve_interfaces__rosidl_generator_py.so
[1.220s] -- Installing: /home/project/install/serve_interfaces/local/lib/python3.10/dist-packages/serve_interfaces/serve_interfaces_s__rosidl_typesupport_c.cpython-310-aarch64-linux-gnu.so
[1.220s] -- Installing: /home/project/install/serve_interfaces/local/lib/python3.10/dist-packages/serve_interfaces/serve_interfaces_s__rosidl_typesupport_introspection_c.cpython-310-aarch64-linux-gnu.so
[1.220s] -- Installing: /home/project/install/serve_interfaces/local/lib/python3.10/dist-packages/serve_interfaces/_serve_interfaces_s.ep.rosidl_typesupport_introspection_c.c
[1.221s] -- Installing: /home/project/install/serve_interfaces/local/lib/python3.10/dist-packages/serve_interfaces/_serve_interfaces_s.ep.rosidl_typesupport_fastrtps_c.c
[1.221s] -- Installing: /home/project/install/serve_interfaces/local/lib/python3.10/dist-packages/serve_interfaces/__init__.py
[1.221s] -- Installing: /home/project/install/serve_interfaces/local/lib/python3.10/dist-packages/serve_interfaces/msg
[1.221s] -- Installing: /home/project/install/serve_interfaces/local/lib/python3.10/dist-packages/serve_interfaces/msg/_data.py
[1.221s] -- Installing: /home/project/install/serve_interfaces/local/lib/python3.10/dist-packages/serve_interfaces/msg/__init__.py
[1.221s] -- Installing: /home/project/install/serve_interfaces/local/lib/python3.10/dist-packages/serve_interfaces/msg/_data_s.c
[1.221s] -- Installing: /home/project/install/serve_interfaces/local/lib/python3.10/dist-packages/serve_interfaces/serve_interfaces_s__rosidl_typesupport_fastrtps_c.cpython-310-aarch64-linux-gnu.so
[1.233s] Listing '/home/project/install/serve_interfaces/local/lib/python3.10/dist-packages/serve_interfaces'...
[1.233s] Compiling '/home/project/install/serve_interfaces/local/lib/python3.10/dist-packages/serve_interfaces/__init__.py'...
[1.233s] Listing '/home/project/install/serve_interfaces/local/lib/python3.10/dist-packages/serve_interfaces/msg'...
[1.233s] Compiling '/home/project/install/serve_interfaces/local/lib/python3.10/dist-packages/serve_interfaces/msg/__init__.py'...
[1.233s] Compiling '/home/project/install/serve_interfaces/local/lib/python3.10/dist-packages/serve_interfaces/msg/_data.py'...
[1.235s] -- Installing: /home/project/install/serve_interfaces/local/lib/python3.10/dist-packages/serve_interfaces/serve_interfaces_s__rosidl_typesupport_fastrtps_c.cpython-310-aarch64-linux-gnu.so
[1.235s] -- Set runtime path of "/home/project/install/serve_interfaces/local/lib/python3.10/dist-packages/serve_interfaces/serve_interfaces_s__rosidl_typesupport_fastrtps_c.cpython-310-aarch64-linux-gnu.so" to ""
[1.235s] -- Installing: /home/project/install/serve_interfaces/local/lib/python3.10/dist-packages/serve_interfaces/serve_interfaces_s__rosidl_typesupport_introspection_c.cpython-310-aarch64-linux-gnu.so
[1.235s] -- Set runtime path of "/home/project/install/serve_interfaces/local/lib/python3.10/dist-packages/serve_interfaces/serve_interfaces_s__rosidl_typesupport_introspection_c.cpython-310-aarch64-linux-gnu.so" to ""
[1.235s] -- Installing: /home/project/install/serve_interfaces/local/lib/python3.10/dist-packages/serve_interfaces/serve_interfaces_s__rosidl_typesupport_c.cpython-310-aarch64-linux-gnu.so
[1.235s] -- Set runtime path of "/home/project/install/serve_interfaces/local/lib/python3.10/dist-packages/serve_interfaces/serve_interfaces_s__rosidl_typesupport_c.cpython-310-aarch64-linux-gnu.so" to ""
[1.235s] -- Installing: /home/project/install/serve_interfaces/lib/libserve_interfaces__rosidl_generator_py.so
[1.235s] -- Set runtime path of "/home/project/install/serve_interfaces/lib/libserve_interfaces__rosidl_generator_py.so" to ""
[1.235s] -- Installing: /home/project/install/serve_interfaces/share/serve_interfaces/msg/Data.idl
[1.235s] -- Installing: /home/project/install/serve_interfaces/share/serve_interfaces/msg/Data.msg
[1.236s] -- Installing: /home/project/install/serve_interfaces/share/ament_index/resource_index/package_run_dependencies/serve_interfaces
[1.236s] -- Installing: /home/project/install/serve_interfaces/share/ament_index/resource_index/parent_prefix_path/serve_interfaces
[1.236s] -- Installing: /home/project/install/serve_interfaces/share/serve_interfaces/environment/ament_prefix_path.sh
[1.236s] -- Installing: /home/project/install/serve_interfaces/share/serve_interfaces/environment/ament_prefix_path.dsv
[1.236s] -- Installing: /home/project/install/serve_interfaces/share/serve_interfaces/environment/path.sh
[1.236s] -- Installing: /home/project/install/serve_interfaces/share/serve_interfaces/environment/path.dsv
[1.236s] -- Installing: /home/project/install/serve_interfaces/share/serve_interfaces/local_setup.bash
[1.236s] -- Installing: /home/project/install/serve_interfaces/share/serve_interfaces/local_setup.sh
[1.236s] -- Installing: /home/project/install/serve_interfaces/share/serve_interfaces/local_setup.zsh
[1.236s] -- Installing: /home/project/install/serve_interfaces/share/serve_interfaces/local_setup.dsv
[1.236s] -- Installing: /home/project/install/serve_interfaces/share/serve_interfaces/package.dsv
[1.236s] -- Installing: /home/project/install/serve_interfaces/share/ament_index/resource_index/packages/serve_interfaces
[1.236s] -- Installing: /home/project/install/serve_interfaces/share/serve_interfaces/cmake/export_serve_interfaces__rosidl_generator_cExport.cmake
[1.236s] -- Installing: /home/project/install/serve_interfaces/share/serve_interfaces/cmake/export_serve_interfaces__rosidl_generator_cExport-noconfig.cmake
[1.236s] -- Installing: /home/project/install/serve_interfaces/share/serve_interfaces/cmake/export_serve_interfaces__rosidl_typesupport_fastrtps_cExport.cmake
[1.236s] -- Installing: /home/project/install/serve_interfaces/share/serve_interfaces/cmake/export_serve_interfaces__rosidl_typesupport_fastrtps_cExport-noconfig.cmake
[1.236s] -- Installing: /home/project/install/serve_interfaces/share/serve_interfaces/cmake/export_serve_interfaces__rosidl_generator_cppExport.cmake
[1.236s] -- Installing: /home/project/install/serve_interfaces/share/serve_interfaces/cmake/export_serve_interfaces__rosidl_typesupport_fastrtps_cppExport.cmake
[1.237s] -- Installing: /home/project/install/serve_interfaces/share/serve_interfaces/cmake/export_serve_interfaces__rosidl_typesupport_fastrtps_cppExport-noconfig.cmake
[1.237s] -- Installing: /home/project/install/serve_interfaces/share/serve_interfaces/cmake/serve_interfaces__rosidl_typesupport_introspection_cExport.cmake
[1.237s] -- Installing: /home/project/install/serve_interfaces/share/serve_interfaces/cmake/serve_interfaces__rosidl_typesupport_introspection_cExport-noconfig.cmake
[1.237s] -- Installing: /home/project/install/serve_interfaces/share/serve_interfaces/cmake/serve_interfaces__rosidl_typesupport_cExport.cmake
[1.237s] -- Installing: /home/project/install/serve_interfaces/share/serve_interfaces/cmake/serve_interfaces__rosidl_typesupport_cExport-noconfig.cmake
[1.237s] -- Installing: /home/project/install/serve_interfaces/share/serve_interfaces/cmake/serve_interfaces__rosidl_typesupport_introspection_cppExport.cmake
[1.237s] -- Installing: /home/project/install/serve_interfaces/share/serve_interfaces/cmake/serve_interfaces__rosidl_typesupport_introspection_cppExport-noconfig.cmake
[1.237s] -- Installing: /home/project/install/serve_interfaces/share/serve_interfaces/cmake/serve_interfaces__rosidl_typesupport_cppExport.cmake
[1.237s] -- Installing: /home/project/install/serve_interfaces/share/serve_interfaces/cmake/serve_interfaces__rosidl_typesupport_cppExport-noconfig.cmake
[1.237s] -- Installing: /home/project/install/serve_interfaces/share/serve_interfaces/cmake/export_serve_interfaces__rosidl_generator_pyExport.cmake
[1.237s] -- Installing: /home/project/install/serve_interfaces/share/serve_interfaces/cmake/export_serve_interfaces__rosidl_generator_pyExport-noconfig.cmake
[1.237s] -- Installing: /home/project/install/serve_interfaces/share/serve_interfaces/cmake/rosidl_cmake-extras.cmake
[1.237s] -- Installing: /home/project/install/serve_interfaces/share/serve_interfaces/cmake/ament_cmake_export_dependencies-extras.cmake
[1.237s] -- Installing: /home/project/install/serve_interfaces/share/serve_interfaces/cmake/ament_cmake_export_include_directories-extras.cmake
[1.237s] -- Installing: /home/project/install/serve_interfaces/share/serve_interfaces/cmake/ament_cmake_export_libraries-extras.cmake
[1.237s] -- Installing: /home/project/install/serve_interfaces/share/serve_interfaces/cmake/ament_cmake_export_targets-extras.cmake
[1.237s] -- Installing: /home/project/install/serve_interfaces/share/serve_interfaces/cmake/rosidl_cmake_export_typesupport_targets-extras.cmake
[1.237s] -- Installing: /home/project/install/serve_interfaces/share/serve_interfaces/cmake/rosidl_cmake_export_typesupport_libraries-extras.cmake
[1.237s] -- Installing: /home/project/install/serve_interfaces/share/serve_interfaces/cmake/serve_interfacesConfig.cmake
[1.237s] -- Installing: /home/project/install/serve_interfaces/share/serve_interfaces/cmake/serve_interfacesConfig-version.cmake
[1.237s] -- Installing: /home/project/install/serve_interfaces/share/serve_interfaces/package.xml
[1.238s] Invoked command in '/home/project/build/serve_interfaces' returned '0': CMAKE_PREFIX_PATH=/opt/ros/humble /usr/bin/cmake --install /home/project/build/serve_interfaces
