[0.004s] Invoking command in '/home/project/build/serve-interfaces': CMAKE_PREFIX_PATH=/opt/ros/humble /usr/bin/cmake /home/project/serve-interfaces -DCMAKE_INSTALL_PREFIX=/home/project/install/serve-interfaces
[0.023s] -- The C compiler identification is GNU 11.4.0
[0.043s] -- The CXX compiler identification is GNU 11.4.0
[0.046s] -- Detecting C compiler ABI info
[0.068s] -- Detecting C compiler ABI info - done
[0.071s] -- Check for working C compiler: /usr/bin/cc - skipped
[0.071s] -- Detecting C compile features
[0.071s] -- Detecting C compile features - done
[0.073s] -- Detecting CXX compiler ABI info
[0.098s] -- Detecting CXX compiler ABI info - done
[0.101s] -- Check for working CXX compiler: /usr/bin/c++ - skipped
[0.101s] -- Detecting CXX compile features
[0.102s] -- Detecting CXX compile features - done
[0.103s] -- Found geometry_msgs: 4.9.0 (/opt/ros/humble/share/geometry_msgs/cmake)
[0.147s] -- Found Python3: /usr/bin/python3 (found version "3.10.12") found components: Interpreter 
[0.187s] -- Found rosidl_generator_c: 3.1.7 (/opt/ros/humble/share/rosidl_generator_c/cmake)
[0.189s] -- Found rosidl_adapter: 3.1.7 (/opt/ros/humble/share/rosidl_adapter/cmake)
[0.191s] -- Found rosidl_generator_cpp: 3.1.7 (/opt/ros/humble/share/rosidl_generator_cpp/cmake)
[0.195s] -- Using all available rosidl_typesupport_c: rosidl_typesupport_fastrtps_c;rosidl_typesupport_introspection_c
[0.201s] -- Using all available rosidl_typesupport_cpp: rosidl_typesupport_fastrtps_cpp;rosidl_typesupport_introspection_cpp
[0.215s] -- Found rosidl_default_generators: 1.2.0 (/opt/ros/humble/share/rosidl_default_generators/cmake)
[0.251s] [31mCMake Error at /opt/ros/humble/share/rosidl_adapter/cmake/rosidl_adapt_interfaces.cmake:59 (message):
[0.251s]   execute_process(/usr/bin/python3 -m rosidl_adapter --package-name
[0.251s]   serve-interfaces --arguments-file
[0.251s]   /home/project/build/serve-interfaces/rosidl_adapter__arguments__serve-interfaces.json
[0.251s]   --output-dir
[0.251s]   /home/project/build/serve-interfaces/rosidl_adapter/serve-interfaces
[0.251s]   --output-file
[0.251s]   /home/project/build/serve-interfaces/rosidl_adapter/serve-interfaces.idls)
[0.251s]   returned error code 1:
[0.252s] 
[0.252s]   Traceback (most recent call last):
[0.252s] 
[0.252s]     File "/usr/lib/python3.10/runpy.py", line 196, in _run_module_as_main
[0.252s]       return _run_code(code, main_globals, None,
[0.252s]     File "/usr/lib/python3.10/runpy.py", line 86, in _run_code
[0.252s]       exec(code, run_globals)
[0.252s]     File "/opt/ros/humble/local/lib/python3.10/dist-packages/rosidl_adapter/__main__.py", line 19, in <module>
[0.252s]       sys.exit(main())
[0.252s]     File "/opt/ros/humble/local/lib/python3.10/dist-packages/rosidl_adapter/main.py", line 53, in main
[0.252s]       abs_idl_file = convert_to_idl(
[0.252s]     File "/opt/ros/humble/local/lib/python3.10/dist-packages/rosidl_adapter/__init__.py", line 19, in convert_to_idl
[0.252s]       return convert_msg_to_idl(
[0.252s]     File "/opt/ros/humble/local/lib/python3.10/dist-packages/rosidl_adapter/msg/__init__.py", line 28, in convert_msg_to_idl
[0.252s]       msg = parse_message_string(package_name, input_file.stem, content)
[0.252s]     File "/opt/ros/humble/local/lib/python3.10/dist-packages/rosidl_adapter/parser.py", line 544, in parse_message_string
[0.252s]       msg = MessageSpecification(pkg_name, msg_name, fields, constants)
[0.252s]     File "/opt/ros/humble/local/lib/python3.10/dist-packages/rosidl_adapter/parser.py", line 388, in __init__
[0.252s]       self.base_type = BaseType(
[0.252s]     File "/opt/ros/humble/local/lib/python3.10/dist-packages/rosidl_adapter/parser.py", line 201, in __init__
[0.252s]       raise InvalidResourceName(
[0.252s] 
[0.252s]   rosidl_adapter.parser.InvalidResourceName: 'serve-interfaces' is an invalid
[0.252s]   package name.  It should have the pattern
[0.252s]   '^(?!.*__)(?!.*_$)[a-z][a-z0-9_]*$'
[0.252s] 
[0.252s] Call Stack (most recent call first):
[0.252s]   /opt/ros/humble/share/rosidl_cmake/cmake/rosidl_generate_interfaces.cmake:130 (rosidl_adapt_interfaces)
[0.252s]   CMakeLists.txt:11 (rosidl_generate_interfaces)
[0.252s] 
[0.252s] [0m
[0.252s] -- Configuring incomplete, errors occurred!
[0.252s] See also "/home/project/build/serve-interfaces/CMakeFiles/CMakeOutput.log".
[0.254s] Invoked command in '/home/project/build/serve-interfaces' returned '1': CMAKE_PREFIX_PATH=/opt/ros/humble /usr/bin/cmake /home/project/serve-interfaces -DCMAKE_INSTALL_PREFIX=/home/project/install/serve-interfaces
