[0.004s] Invoking command in '/home/project/build/serve_interfaces': CMAKE_PREFIX_PATH=/opt/ros/humble /usr/bin/cmake /home/project/serve_interfaces -DCMAKE_INSTALL_PREFIX=/home/project/install/serve_interfaces
[0.008s] -- Found geometry_msgs: 4.9.0 (/opt/ros/humble/share/geometry_msgs/cmake)
[0.057s] -- Found rosidl_generator_c: 3.1.7 (/opt/ros/humble/share/rosidl_generator_c/cmake)
[0.058s] -- Found rosidl_adapter: 3.1.7 (/opt/ros/humble/share/rosidl_adapter/cmake)
[0.059s] -- Found rosidl_generator_cpp: 3.1.7 (/opt/ros/humble/share/rosidl_generator_cpp/cmake)
[0.063s] -- Using all available rosidl_typesupport_c: rosidl_typesupport_fastrtps_c;rosidl_typesupport_introspection_c
[0.068s] -- Using all available rosidl_typesupport_cpp: rosidl_typesupport_fastrtps_cpp;rosidl_typesupport_introspection_cpp
[0.081s] -- Found rosidl_default_generators: 1.2.0 (/opt/ros/humble/share/rosidl_default_generators/cmake)
[0.178s] -- Found ament_cmake_ros: 0.10.0 (/opt/ros/humble/share/ament_cmake_ros/cmake)
[0.317s] -- Using all available rosidl_typesupport_c: rosidl_typesupport_fastrtps_c;rosidl_typesupport_introspection_c
[0.371s] -- Using all available rosidl_typesupport_cpp: rosidl_typesupport_fastrtps_cpp;rosidl_typesupport_introspection_cpp
[0.377s] -- Found PythonInterp: /usr/bin/python3 (found suitable version "3.10.12", minimum required is "3.6") 
[0.378s] -- Found python_cmake_module: 0.10.0 (/opt/ros/humble/share/python_cmake_module/cmake)
[0.386s] -- Found PythonLibs: /usr/lib/aarch64-linux-gnu/libpython3.10.so (found suitable version "3.10.12", minimum required is "3.5") 
[0.386s] -- Using PYTHON_EXECUTABLE: /usr/bin/python3
[0.386s] -- Using PYTHON_INCLUDE_DIRS: /usr/include/python3.10
[0.386s] -- Using PYTHON_LIBRARIES: /usr/lib/aarch64-linux-gnu/libpython3.10.so
[0.391s] -- Found PythonExtra: .so  
[0.411s] -- Found ament_lint_auto: 0.12.14 (/opt/ros/humble/share/ament_lint_auto/cmake)
[0.422s] -- Added test 'lint_cmake' to check CMake code style
[0.423s] -- Added test 'xmllint' to check XML markup files
[0.424s] -- Configuring done
[0.436s] -- Generating done
[0.440s] -- Build files have been written to: /home/project/build/serve_interfaces
[0.442s] Invoked command in '/home/project/build/serve_interfaces' returned '0': CMAKE_PREFIX_PATH=/opt/ros/humble /usr/bin/cmake /home/project/serve_interfaces -DCMAKE_INSTALL_PREFIX=/home/project/install/serve_interfaces
[0.443s] Invoking command in '/home/project/build/serve_interfaces': CMAKE_PREFIX_PATH=/opt/ros/humble /usr/bin/cmake --build /home/project/build/serve_interfaces -- -j10 -l10
[0.455s] [  3%] [34m[1mGenerating C code for ROS interfaces[0m
[0.458s] [  6%] [34m[1mGenerating C++ code for ROS interfaces[0m
[0.461s] [  6%] Built target ament_cmake_python_copy_serve_interfaces
[0.527s] running egg_info
[0.527s] creating serve_interfaces.egg-info
[0.527s] writing serve_interfaces.egg-info/PKG-INFO
[0.527s] writing dependency_links to serve_interfaces.egg-info/dependency_links.txt
[0.528s] writing top-level names to serve_interfaces.egg-info/top_level.txt
[0.528s] writing manifest file 'serve_interfaces.egg-info/SOURCES.txt'
[0.529s] reading manifest file 'serve_interfaces.egg-info/SOURCES.txt'
[0.529s] writing manifest file 'serve_interfaces.egg-info/SOURCES.txt'
[0.540s] [  6%] Built target ament_cmake_python_build_serve_interfaces_egg
[0.553s] [  6%] Built target serve_interfaces__cpp
[0.556s] [  9%] [34m[1mGenerating C++ type support dispatch for ROS interfaces[0m
[0.556s] [ 12%] [34m[1mGenerating C++ type support for eProsima Fast-RTPS[0m
[0.556s] [ 16%] [34m[1mGenerating C++ introspection for ROS interfaces[0m
[0.557s] [ 19%] [32mBuilding C object CMakeFiles/serve_interfaces__rosidl_generator_c.dir/rosidl_generator_c/serve_interfaces/msg/detail/data__functions.c.o[0m
[0.580s] [ 22%] [32m[1mLinking C shared library libserve_interfaces__rosidl_generator_c.so[0m
[0.595s] [ 22%] Built target serve_interfaces__rosidl_generator_c
[0.598s] [ 25%] [34m[1mGenerating C type support for eProsima Fast-RTPS[0m
[0.600s] [ 29%] [34m[1mGenerating C type support dispatch for ROS interfaces[0m
[0.600s] [ 32%] [34m[1mGenerating C introspection for ROS interfaces[0m
[0.650s] [ 35%] [32mBuilding CXX object CMakeFiles/serve_interfaces__rosidl_typesupport_cpp.dir/rosidl_typesupport_cpp/serve_interfaces/msg/data__type_support.cpp.o[0m
[0.659s] [ 38%] [32mBuilding CXX object CMakeFiles/serve_interfaces__rosidl_typesupport_introspection_cpp.dir/rosidl_typesupport_introspection_cpp/serve_interfaces/msg/detail/data__type_support.cpp.o[0m
[0.665s] [ 41%] [32mBuilding CXX object CMakeFiles/serve_interfaces__rosidl_typesupport_fastrtps_cpp.dir/rosidl_typesupport_fastrtps_cpp/serve_interfaces/msg/detail/dds_fastrtps/data__type_support.cpp.o[0m
[0.703s] [ 45%] [32mBuilding CXX object CMakeFiles/serve_interfaces__rosidl_typesupport_c.dir/rosidl_typesupport_c/serve_interfaces/msg/data__type_support.cpp.o[0m
[0.705s] [ 51%] [32mBuilding CXX object CMakeFiles/serve_interfaces__rosidl_typesupport_fastrtps_c.dir/rosidl_typesupport_fastrtps_c/serve_interfaces/msg/detail/data__type_support_c.cpp.o[0m
[0.706s] [ 51%] [32mBuilding C object CMakeFiles/serve_interfaces__rosidl_typesupport_introspection_c.dir/rosidl_typesupport_introspection_c/serve_interfaces/msg/detail/data__type_support.c.o[0m
[0.721s] [ 54%] [32m[1mLinking CXX shared library libserve_interfaces__rosidl_typesupport_c.so[0m
[0.727s] [ 58%] [32m[1mLinking C shared library libserve_interfaces__rosidl_typesupport_introspection_c.so[0m
[0.749s] [ 58%] Built target serve_interfaces__rosidl_typesupport_c
[0.749s] [ 58%] Built target serve_interfaces__rosidl_typesupport_introspection_c
[0.759s] [ 61%] [32m[1mLinking CXX shared library libserve_interfaces__rosidl_typesupport_cpp.so[0m
[0.775s] [ 61%] Built target serve_interfaces__rosidl_typesupport_cpp
[0.797s] [ 64%] [32m[1mLinking CXX shared library libserve_interfaces__rosidl_typesupport_introspection_cpp.so[0m
[0.814s] [ 64%] Built target serve_interfaces__rosidl_typesupport_introspection_cpp
[0.814s] [ 67%] [32m[1mLinking CXX shared library libserve_interfaces__rosidl_typesupport_fastrtps_cpp.so[0m
[0.828s] [ 70%] [32m[1mLinking CXX shared library libserve_interfaces__rosidl_typesupport_fastrtps_c.so[0m
[0.842s] [ 70%] Built target serve_interfaces__rosidl_typesupport_fastrtps_cpp
[0.854s] [ 70%] Built target serve_interfaces__rosidl_typesupport_fastrtps_c
[0.860s] [ 70%] Built target serve_interfaces
[0.866s] [ 74%] [34m[1mGenerating Python code for ROS interfaces[0m
[0.966s] [ 74%] Built target serve_interfaces__py
[0.972s] [ 77%] [32mBuilding C object CMakeFiles/serve_interfaces__rosidl_generator_py.dir/rosidl_generator_py/serve_interfaces/msg/_data_s.c.o[0m
[1.014s] [ 80%] [32m[1mLinking C shared library rosidl_generator_py/serve_interfaces/libserve_interfaces__rosidl_generator_py.so[0m
[1.029s] [ 80%] Built target serve_interfaces__rosidl_generator_py
[1.036s] [ 90%] [32mBuilding C object CMakeFiles/serve_interfaces__rosidl_typesupport_introspection_c__pyext.dir/rosidl_generator_py/serve_interfaces/_serve_interfaces_s.ep.rosidl_typesupport_introspection_c.c.o[0m
[1.036s] [ 87%] [32mBuilding C object CMakeFiles/serve_interfaces__rosidl_typesupport_fastrtps_c__pyext.dir/rosidl_generator_py/serve_interfaces/_serve_interfaces_s.ep.rosidl_typesupport_fastrtps_c.c.o[0m
[1.036s] [ 90%] [32mBuilding C object CMakeFiles/serve_interfaces__rosidl_typesupport_c__pyext.dir/rosidl_generator_py/serve_interfaces/_serve_interfaces_s.ep.rosidl_typesupport_c.c.o[0m
[1.072s] [100%] [32m[1mLinking C shared library rosidl_generator_py/serve_interfaces/serve_interfaces_s__rosidl_typesupport_c.cpython-310-aarch64-linux-gnu.so[0m
[1.073s] [100%] [32m[1mLinking C shared library rosidl_generator_py/serve_interfaces/serve_interfaces_s__rosidl_typesupport_introspection_c.cpython-310-aarch64-linux-gnu.so[0m
[1.073s] [100%] [32m[1mLinking C shared library rosidl_generator_py/serve_interfaces/serve_interfaces_s__rosidl_typesupport_fastrtps_c.cpython-310-aarch64-linux-gnu.so[0m
[1.087s] [100%] Built target serve_interfaces__rosidl_typesupport_c__pyext
[1.087s] [100%] Built target serve_interfaces__rosidl_typesupport_fastrtps_c__pyext
[1.087s] [100%] Built target serve_interfaces__rosidl_typesupport_introspection_c__pyext
[1.090s] Invoked command in '/home/project/build/serve_interfaces' returned '0': CMAKE_PREFIX_PATH=/opt/ros/humble /usr/bin/cmake --build /home/project/build/serve_interfaces -- -j10 -l10
[1.093s] Invoking command in '/home/project/build/serve_interfaces': CMAKE_PREFIX_PATH=/opt/ros/humble /usr/bin/cmake --install /home/project/build/serve_interfaces
[1.095s] -- Install configuration: ""
[1.096s] -- Installing: /home/project/install/serve_interfaces/share/ament_index/resource_index/rosidl_interfaces/serve_interfaces
[1.096s] -- Installing: /home/project/install/serve_interfaces/include/serve_interfaces/serve_interfaces
[1.096s] -- Installing: /home/project/install/serve_interfaces/include/serve_interfaces/serve_interfaces/msg
[1.096s] -- Installing: /home/project/install/serve_interfaces/include/serve_interfaces/serve_interfaces/msg/rosidl_generator_c__visibility_control.h
[1.096s] -- Installing: /home/project/install/serve_interfaces/include/serve_interfaces/serve_interfaces/msg/detail
[1.096s] -- Installing: /home/project/install/serve_interfaces/include/serve_interfaces/serve_interfaces/msg/detail/data__functions.h
[1.096s] -- Installing: /home/project/install/serve_interfaces/include/serve_interfaces/serve_interfaces/msg/detail/data__type_support.h
[1.096s] -- Installing: /home/project/install/serve_interfaces/include/serve_interfaces/serve_interfaces/msg/detail/data__struct.h
[1.096s] -- Installing: /home/project/install/serve_interfaces/include/serve_interfaces/serve_interfaces/msg/detail/data__functions.c
[1.096s] -- Installing: /home/project/install/serve_interfaces/include/serve_interfaces/serve_interfaces/msg/data.h
[1.096s] -- Installing: /home/project/install/serve_interfaces/share/serve_interfaces/environment/library_path.sh
[1.096s] -- Installing: /home/project/install/serve_interfaces/share/serve_interfaces/environment/library_path.dsv
[1.096s] -- Installing: /home/project/install/serve_interfaces/lib/libserve_interfaces__rosidl_generator_c.so
[1.096s] -- Set runtime path of "/home/project/install/serve_interfaces/lib/libserve_interfaces__rosidl_generator_c.so" to ""
[1.096s] -- Up-to-date: /home/project/install/serve_interfaces/include/serve_interfaces/serve_interfaces
[1.097s] -- Up-to-date: /home/project/install/serve_interfaces/include/serve_interfaces/serve_interfaces/msg
[1.097s] -- Installing: /home/project/install/serve_interfaces/include/serve_interfaces/serve_interfaces/msg/rosidl_typesupport_fastrtps_c__visibility_control.h
[1.097s] -- Up-to-date: /home/project/install/serve_interfaces/include/serve_interfaces/serve_interfaces/msg/detail
[1.097s] -- Installing: /home/project/install/serve_interfaces/include/serve_interfaces/serve_interfaces/msg/detail/data__rosidl_typesupport_fastrtps_c.h
[1.097s] -- Installing: /home/project/install/serve_interfaces/lib/libserve_interfaces__rosidl_typesupport_fastrtps_c.so
[1.097s] -- Set runtime path of "/home/project/install/serve_interfaces/lib/libserve_interfaces__rosidl_typesupport_fastrtps_c.so" to ""
[1.097s] -- Up-to-date: /home/project/install/serve_interfaces/include/serve_interfaces/serve_interfaces
[1.097s] -- Up-to-date: /home/project/install/serve_interfaces/include/serve_interfaces/serve_interfaces/msg
[1.097s] -- Installing: /home/project/install/serve_interfaces/include/serve_interfaces/serve_interfaces/msg/data.hpp
[1.097s] -- Installing: /home/project/install/serve_interfaces/include/serve_interfaces/serve_interfaces/msg/rosidl_generator_cpp__visibility_control.hpp
[1.097s] -- Up-to-date: /home/project/install/serve_interfaces/include/serve_interfaces/serve_interfaces/msg/detail
[1.097s] -- Installing: /home/project/install/serve_interfaces/include/serve_interfaces/serve_interfaces/msg/detail/data__struct.hpp
[1.097s] -- Installing: /home/project/install/serve_interfaces/include/serve_interfaces/serve_interfaces/msg/detail/data__type_support.hpp
[1.097s] -- Installing: /home/project/install/serve_interfaces/include/serve_interfaces/serve_interfaces/msg/detail/data__builder.hpp
[1.097s] -- Installing: /home/project/install/serve_interfaces/include/serve_interfaces/serve_interfaces/msg/detail/data__traits.hpp
[1.097s] -- Up-to-date: /home/project/install/serve_interfaces/include/serve_interfaces/serve_interfaces
[1.097s] -- Up-to-date: /home/project/install/serve_interfaces/include/serve_interfaces/serve_interfaces/msg
[1.097s] -- Up-to-date: /home/project/install/serve_interfaces/include/serve_interfaces/serve_interfaces/msg/detail
[1.097s] -- Installing: /home/project/install/serve_interfaces/include/serve_interfaces/serve_interfaces/msg/detail/data__rosidl_typesupport_fastrtps_cpp.hpp
[1.097s] -- Installing: /home/project/install/serve_interfaces/include/serve_interfaces/serve_interfaces/msg/detail/dds_fastrtps
[1.097s] -- Installing: /home/project/install/serve_interfaces/include/serve_interfaces/serve_interfaces/msg/rosidl_typesupport_fastrtps_cpp__visibility_control.h
[1.097s] -- Installing: /home/project/install/serve_interfaces/lib/libserve_interfaces__rosidl_typesupport_fastrtps_cpp.so
[1.098s] -- Set runtime path of "/home/project/install/serve_interfaces/lib/libserve_interfaces__rosidl_typesupport_fastrtps_cpp.so" to ""
[1.098s] -- Up-to-date: /home/project/install/serve_interfaces/include/serve_interfaces/serve_interfaces
[1.098s] -- Up-to-date: /home/project/install/serve_interfaces/include/serve_interfaces/serve_interfaces/msg
[1.098s] -- Installing: /home/project/install/serve_interfaces/include/serve_interfaces/serve_interfaces/msg/rosidl_typesupport_introspection_c__visibility_control.h
[1.098s] -- Up-to-date: /home/project/install/serve_interfaces/include/serve_interfaces/serve_interfaces/msg/detail
[1.098s] -- Installing: /home/project/install/serve_interfaces/include/serve_interfaces/serve_interfaces/msg/detail/data__type_support.c
[1.098s] -- Installing: /home/project/install/serve_interfaces/include/serve_interfaces/serve_interfaces/msg/detail/data__rosidl_typesupport_introspection_c.h
[1.098s] -- Installing: /home/project/install/serve_interfaces/lib/libserve_interfaces__rosidl_typesupport_introspection_c.so
[1.098s] -- Set runtime path of "/home/project/install/serve_interfaces/lib/libserve_interfaces__rosidl_typesupport_introspection_c.so" to ""
[1.098s] -- Installing: /home/project/install/serve_interfaces/lib/libserve_interfaces__rosidl_typesupport_c.so
[1.098s] -- Set runtime path of "/home/project/install/serve_interfaces/lib/libserve_interfaces__rosidl_typesupport_c.so" to ""
[1.098s] -- Up-to-date: /home/project/install/serve_interfaces/include/serve_interfaces/serve_interfaces
[1.098s] -- Up-to-date: /home/project/install/serve_interfaces/include/serve_interfaces/serve_interfaces/msg
[1.098s] -- Up-to-date: /home/project/install/serve_interfaces/include/serve_interfaces/serve_interfaces/msg/detail
[1.098s] -- Installing: /home/project/install/serve_interfaces/include/serve_interfaces/serve_interfaces/msg/detail/data__rosidl_typesupport_introspection_cpp.hpp
[1.098s] -- Installing: /home/project/install/serve_interfaces/include/serve_interfaces/serve_interfaces/msg/detail/data__type_support.cpp
[1.098s] -- Installing: /home/project/install/serve_interfaces/lib/libserve_interfaces__rosidl_typesupport_introspection_cpp.so
[1.098s] -- Set runtime path of "/home/project/install/serve_interfaces/lib/libserve_interfaces__rosidl_typesupport_introspection_cpp.so" to ""
[1.098s] -- Installing: /home/project/install/serve_interfaces/lib/libserve_interfaces__rosidl_typesupport_cpp.so
[1.098s] -- Set runtime path of "/home/project/install/serve_interfaces/lib/libserve_interfaces__rosidl_typesupport_cpp.so" to ""
[1.098s] -- Installing: /home/project/install/serve_interfaces/share/serve_interfaces/environment/pythonpath.sh
[1.098s] -- Installing: /home/project/install/serve_interfaces/share/serve_interfaces/environment/pythonpath.dsv
[1.098s] -- Installing: /home/project/install/serve_interfaces/local/lib/python3.10/dist-packages/serve_interfaces-0.0.0-py3.10.egg-info
[1.098s] -- Installing: /home/project/install/serve_interfaces/local/lib/python3.10/dist-packages/serve_interfaces-0.0.0-py3.10.egg-info/SOURCES.txt
[1.099s] -- Installing: /home/project/install/serve_interfaces/local/lib/python3.10/dist-packages/serve_interfaces-0.0.0-py3.10.egg-info/PKG-INFO
[1.099s] -- Installing: /home/project/install/serve_interfaces/local/lib/python3.10/dist-packages/serve_interfaces-0.0.0-py3.10.egg-info/dependency_links.txt
[1.099s] -- Installing: /home/project/install/serve_interfaces/local/lib/python3.10/dist-packages/serve_interfaces-0.0.0-py3.10.egg-info/top_level.txt
[1.099s] -- Installing: /home/project/install/serve_interfaces/local/lib/python3.10/dist-packages/serve_interfaces
[1.099s] -- Installing: /home/project/install/serve_interfaces/local/lib/python3.10/dist-packages/serve_interfaces/_serve_interfaces_s.ep.rosidl_typesupport_c.c
[1.099s] -- Installing: /home/project/install/serve_interfaces/local/lib/python3.10/dist-packages/serve_interfaces/libserve_interfaces__rosidl_generator_py.so
[1.099s] -- Installing: /home/project/install/serve_interfaces/local/lib/python3.10/dist-packages/serve_interfaces/serve_interfaces_s__rosidl_typesupport_c.cpython-310-aarch64-linux-gnu.so
[1.099s] -- Installing: /home/project/install/serve_interfaces/local/lib/python3.10/dist-packages/serve_interfaces/serve_interfaces_s__rosidl_typesupport_introspection_c.cpython-310-aarch64-linux-gnu.so
[1.099s] -- Installing: /home/project/install/serve_interfaces/local/lib/python3.10/dist-packages/serve_interfaces/_serve_interfaces_s.ep.rosidl_typesupport_introspection_c.c
[1.099s] -- Installing: /home/project/install/serve_interfaces/local/lib/python3.10/dist-packages/serve_interfaces/_serve_interfaces_s.ep.rosidl_typesupport_fastrtps_c.c
[1.099s] -- Installing: /home/project/install/serve_interfaces/local/lib/python3.10/dist-packages/serve_interfaces/__init__.py
[1.099s] -- Installing: /home/project/install/serve_interfaces/local/lib/python3.10/dist-packages/serve_interfaces/msg
[1.099s] -- Installing: /home/project/install/serve_interfaces/local/lib/python3.10/dist-packages/serve_interfaces/msg/_data.py
[1.099s] -- Installing: /home/project/install/serve_interfaces/local/lib/python3.10/dist-packages/serve_interfaces/msg/__init__.py
[1.099s] -- Installing: /home/project/install/serve_interfaces/local/lib/python3.10/dist-packages/serve_interfaces/msg/_data_s.c
[1.099s] -- Installing: /home/project/install/serve_interfaces/local/lib/python3.10/dist-packages/serve_interfaces/serve_interfaces_s__rosidl_typesupport_fastrtps_c.cpython-310-aarch64-linux-gnu.so
[1.112s] Listing '/home/project/install/serve_interfaces/local/lib/python3.10/dist-packages/serve_interfaces'...
[1.112s] Compiling '/home/project/install/serve_interfaces/local/lib/python3.10/dist-packages/serve_interfaces/__init__.py'...
[1.112s] Listing '/home/project/install/serve_interfaces/local/lib/python3.10/dist-packages/serve_interfaces/msg'...
[1.112s] Compiling '/home/project/install/serve_interfaces/local/lib/python3.10/dist-packages/serve_interfaces/msg/__init__.py'...
[1.112s] Compiling '/home/project/install/serve_interfaces/local/lib/python3.10/dist-packages/serve_interfaces/msg/_data.py'...
[1.114s] -- Installing: /home/project/install/serve_interfaces/local/lib/python3.10/dist-packages/serve_interfaces/serve_interfaces_s__rosidl_typesupport_fastrtps_c.cpython-310-aarch64-linux-gnu.so
[1.114s] -- Set runtime path of "/home/project/install/serve_interfaces/local/lib/python3.10/dist-packages/serve_interfaces/serve_interfaces_s__rosidl_typesupport_fastrtps_c.cpython-310-aarch64-linux-gnu.so" to ""
[1.114s] -- Installing: /home/project/install/serve_interfaces/local/lib/python3.10/dist-packages/serve_interfaces/serve_interfaces_s__rosidl_typesupport_introspection_c.cpython-310-aarch64-linux-gnu.so
[1.114s] -- Set runtime path of "/home/project/install/serve_interfaces/local/lib/python3.10/dist-packages/serve_interfaces/serve_interfaces_s__rosidl_typesupport_introspection_c.cpython-310-aarch64-linux-gnu.so" to ""
[1.114s] -- Installing: /home/project/install/serve_interfaces/local/lib/python3.10/dist-packages/serve_interfaces/serve_interfaces_s__rosidl_typesupport_c.cpython-310-aarch64-linux-gnu.so
[1.115s] -- Set runtime path of "/home/project/install/serve_interfaces/local/lib/python3.10/dist-packages/serve_interfaces/serve_interfaces_s__rosidl_typesupport_c.cpython-310-aarch64-linux-gnu.so" to ""
[1.115s] -- Installing: /home/project/install/serve_interfaces/lib/libserve_interfaces__rosidl_generator_py.so
[1.115s] -- Set runtime path of "/home/project/install/serve_interfaces/lib/libserve_interfaces__rosidl_generator_py.so" to ""
[1.115s] -- Installing: /home/project/install/serve_interfaces/share/serve_interfaces/msg/Data.idl
[1.115s] -- Installing: /home/project/install/serve_interfaces/share/serve_interfaces/msg/Data.msg
[1.115s] -- Installing: /home/project/install/serve_interfaces/share/ament_index/resource_index/package_run_dependencies/serve_interfaces
[1.115s] -- Installing: /home/project/install/serve_interfaces/share/ament_index/resource_index/parent_prefix_path/serve_interfaces
[1.115s] -- Installing: /home/project/install/serve_interfaces/share/serve_interfaces/environment/ament_prefix_path.sh
[1.115s] -- Installing: /home/project/install/serve_interfaces/share/serve_interfaces/environment/ament_prefix_path.dsv
[1.115s] -- Installing: /home/project/install/serve_interfaces/share/serve_interfaces/environment/path.sh
[1.115s] -- Installing: /home/project/install/serve_interfaces/share/serve_interfaces/environment/path.dsv
[1.115s] -- Installing: /home/project/install/serve_interfaces/share/serve_interfaces/local_setup.bash
[1.115s] -- Installing: /home/project/install/serve_interfaces/share/serve_interfaces/local_setup.sh
[1.115s] -- Installing: /home/project/install/serve_interfaces/share/serve_interfaces/local_setup.zsh
[1.116s] -- Installing: /home/project/install/serve_interfaces/share/serve_interfaces/local_setup.dsv
[1.116s] -- Installing: /home/project/install/serve_interfaces/share/serve_interfaces/package.dsv
[1.116s] -- Installing: /home/project/install/serve_interfaces/share/ament_index/resource_index/packages/serve_interfaces
[1.116s] -- Installing: /home/project/install/serve_interfaces/share/serve_interfaces/cmake/export_serve_interfaces__rosidl_generator_cExport.cmake
[1.116s] -- Installing: /home/project/install/serve_interfaces/share/serve_interfaces/cmake/export_serve_interfaces__rosidl_generator_cExport-noconfig.cmake
[1.116s] -- Installing: /home/project/install/serve_interfaces/share/serve_interfaces/cmake/export_serve_interfaces__rosidl_typesupport_fastrtps_cExport.cmake
[1.116s] -- Installing: /home/project/install/serve_interfaces/share/serve_interfaces/cmake/export_serve_interfaces__rosidl_typesupport_fastrtps_cExport-noconfig.cmake
[1.116s] -- Installing: /home/project/install/serve_interfaces/share/serve_interfaces/cmake/export_serve_interfaces__rosidl_generator_cppExport.cmake
[1.116s] -- Installing: /home/project/install/serve_interfaces/share/serve_interfaces/cmake/export_serve_interfaces__rosidl_typesupport_fastrtps_cppExport.cmake
[1.116s] -- Installing: /home/project/install/serve_interfaces/share/serve_interfaces/cmake/export_serve_interfaces__rosidl_typesupport_fastrtps_cppExport-noconfig.cmake
[1.116s] -- Installing: /home/project/install/serve_interfaces/share/serve_interfaces/cmake/serve_interfaces__rosidl_typesupport_introspection_cExport.cmake
[1.116s] -- Installing: /home/project/install/serve_interfaces/share/serve_interfaces/cmake/serve_interfaces__rosidl_typesupport_introspection_cExport-noconfig.cmake
[1.116s] -- Installing: /home/project/install/serve_interfaces/share/serve_interfaces/cmake/serve_interfaces__rosidl_typesupport_cExport.cmake
[1.116s] -- Installing: /home/project/install/serve_interfaces/share/serve_interfaces/cmake/serve_interfaces__rosidl_typesupport_cExport-noconfig.cmake
[1.116s] -- Installing: /home/project/install/serve_interfaces/share/serve_interfaces/cmake/serve_interfaces__rosidl_typesupport_introspection_cppExport.cmake
[1.116s] -- Installing: /home/project/install/serve_interfaces/share/serve_interfaces/cmake/serve_interfaces__rosidl_typesupport_introspection_cppExport-noconfig.cmake
[1.116s] -- Installing: /home/project/install/serve_interfaces/share/serve_interfaces/cmake/serve_interfaces__rosidl_typesupport_cppExport.cmake
[1.116s] -- Installing: /home/project/install/serve_interfaces/share/serve_interfaces/cmake/serve_interfaces__rosidl_typesupport_cppExport-noconfig.cmake
[1.117s] -- Installing: /home/project/install/serve_interfaces/share/serve_interfaces/cmake/export_serve_interfaces__rosidl_generator_pyExport.cmake
[1.117s] -- Installing: /home/project/install/serve_interfaces/share/serve_interfaces/cmake/export_serve_interfaces__rosidl_generator_pyExport-noconfig.cmake
[1.117s] -- Installing: /home/project/install/serve_interfaces/share/serve_interfaces/cmake/rosidl_cmake-extras.cmake
[1.117s] -- Installing: /home/project/install/serve_interfaces/share/serve_interfaces/cmake/ament_cmake_export_dependencies-extras.cmake
[1.117s] -- Installing: /home/project/install/serve_interfaces/share/serve_interfaces/cmake/ament_cmake_export_include_directories-extras.cmake
[1.117s] -- Installing: /home/project/install/serve_interfaces/share/serve_interfaces/cmake/ament_cmake_export_libraries-extras.cmake
[1.117s] -- Installing: /home/project/install/serve_interfaces/share/serve_interfaces/cmake/ament_cmake_export_targets-extras.cmake
[1.117s] -- Installing: /home/project/install/serve_interfaces/share/serve_interfaces/cmake/rosidl_cmake_export_typesupport_targets-extras.cmake
[1.117s] -- Installing: /home/project/install/serve_interfaces/share/serve_interfaces/cmake/rosidl_cmake_export_typesupport_libraries-extras.cmake
[1.117s] -- Installing: /home/project/install/serve_interfaces/share/serve_interfaces/cmake/serve_interfacesConfig.cmake
[1.117s] -- Installing: /home/project/install/serve_interfaces/share/serve_interfaces/cmake/serve_interfacesConfig-version.cmake
[1.117s] -- Installing: /home/project/install/serve_interfaces/share/serve_interfaces/package.xml
[1.118s] Invoked command in '/home/project/build/serve_interfaces' returned '0': CMAKE_PREFIX_PATH=/opt/ros/humble /usr/bin/cmake --install /home/project/build/serve_interfaces
