[0.041s] DEBUG:colcon:Command line arguments: ['/usr/bin/colcon', 'build', '--packages-select', 'serve_interfaces']
[0.041s] DEBUG:colcon:Parsed command line arguments: Namespace(log_base=None, log_level=None, verb_name='build', build_base='build', install_base='install', merge_install=False, symlink_install=False, test_result_base=None, continue_on_error=False, executor='parallel', parallel_workers=10, event_handlers=None, ignore_user_meta=False, metas=['./colcon.meta'], base_paths=['.'], packages_ignore=None, packages_ignore_regex=None, paths=None, packages_up_to=None, packages_up_to_regex=None, packages_above=None, packages_above_and_dependencies=None, packages_above_depth=None, packages_select_by_dep=None, packages_skip_by_dep=None, packages_skip_up_to=None, packages_select_build_failed=False, packages_skip_build_finished=False, packages_select_test_failures=False, packages_skip_test_passed=False, packages_select=['serve_interfaces'], packages_skip=None, packages_select_regex=None, packages_skip_regex=None, packages_start=None, packages_end=None, cmake_args=None, cmake_target=None, cmake_target_skip_unavailable=False, cmake_clean_cache=False, cmake_clean_first=False, cmake_force_configure=False, ament_cmake_args=None, catkin_cmake_args=None, catkin_skip_building_tests=False, mixin_files=None, mixin=None, verb_parser=<colcon_mixin.mixin.mixin_argument.MixinArgumentDecorator object at 0xffffb45dab60>, verb_extension=<colcon_core.verb.build.BuildVerb object at 0xffffb4584610>, main=<bound method BuildVerb.main of <colcon_core.verb.build.BuildVerb object at 0xffffb4584610>>, mixin_verb=('build',))
[0.067s] Level 1:colcon.colcon_core.package_discovery:discover_packages(colcon_meta) check parameters
[0.068s] INFO:colcon.colcon_metadata.package_discovery.colcon_meta:Using configuration from '/root/.colcon/metadata/default/Gazebo.meta'
[0.068s] INFO:colcon.colcon_metadata.package_discovery.colcon_meta:Using configuration from '/root/.colcon/metadata/default/fastdds.meta'
[0.068s] INFO:colcon.colcon_metadata.package_discovery.colcon_meta:Using configuration from '/root/.colcon/metadata/default/fastrtps.meta'
[0.068s] Level 1:colcon.colcon_core.package_discovery:discover_packages(recursive) check parameters
[0.068s] Level 1:colcon.colcon_core.package_discovery:discover_packages(ignore) check parameters
[0.068s] Level 1:colcon.colcon_core.package_discovery:discover_packages(path) check parameters
[0.068s] Level 1:colcon.colcon_core.package_discovery:discover_packages(colcon_meta) discover
[0.068s] Level 1:colcon.colcon_core.package_discovery:discover_packages(recursive) discover
[0.068s] INFO:colcon.colcon_core.package_discovery:Crawling recursively for packages in '/home/project'
[0.068s] Level 1:colcon.colcon_core.package_identification:_identify(.) by extensions ['ignore', 'ignore_ament_install']
[0.068s] Level 1:colcon.colcon_core.package_identification:_identify(.) by extension 'ignore'
[0.068s] Level 1:colcon.colcon_core.package_identification:_identify(.) by extension 'ignore_ament_install'
[0.068s] Level 1:colcon.colcon_core.package_identification:_identify(.) by extensions ['colcon_pkg']
[0.068s] Level 1:colcon.colcon_core.package_identification:_identify(.) by extension 'colcon_pkg'
[0.068s] Level 1:colcon.colcon_core.package_identification:_identify(.) by extensions ['colcon_meta']
[0.068s] Level 1:colcon.colcon_core.package_identification:_identify(.) by extension 'colcon_meta'
[0.068s] Level 1:colcon.colcon_core.package_identification:_identify(.) by extensions ['ros']
[0.068s] Level 1:colcon.colcon_core.package_identification:_identify(.) by extension 'ros'
[0.072s] Level 1:colcon.colcon_core.package_identification:_identify(.) by extensions ['cmake', 'python']
[0.072s] Level 1:colcon.colcon_core.package_identification:_identify(.) by extension 'cmake'
[0.072s] Level 1:colcon.colcon_core.package_identification:_identify(.) by extension 'python'
[0.072s] Level 1:colcon.colcon_core.package_identification:_identify(.) by extensions ['python_setup_py']
[0.072s] Level 1:colcon.colcon_core.package_identification:_identify(.) by extension 'python_setup_py'
[0.072s] Level 1:colcon.colcon_core.package_identification:_identify(build) by extensions ['ignore', 'ignore_ament_install']
[0.072s] Level 1:colcon.colcon_core.package_identification:_identify(build) by extension 'ignore'
[0.072s] Level 1:colcon.colcon_core.package_identification:_identify(build) ignored
[0.072s] Level 1:colcon.colcon_core.package_identification:_identify(install) by extensions ['ignore', 'ignore_ament_install']
[0.072s] Level 1:colcon.colcon_core.package_identification:_identify(install) by extension 'ignore'
[0.072s] Level 1:colcon.colcon_core.package_identification:_identify(install) ignored
[0.072s] Level 1:colcon.colcon_core.package_identification:_identify(log) by extensions ['ignore', 'ignore_ament_install']
[0.072s] Level 1:colcon.colcon_core.package_identification:_identify(log) by extension 'ignore'
[0.072s] Level 1:colcon.colcon_core.package_identification:_identify(log) ignored
[0.072s] Level 1:colcon.colcon_core.package_identification:_identify(serve_interfaces) by extensions ['ignore', 'ignore_ament_install']
[0.072s] Level 1:colcon.colcon_core.package_identification:_identify(serve_interfaces) by extension 'ignore'
[0.072s] Level 1:colcon.colcon_core.package_identification:_identify(serve_interfaces) by extension 'ignore_ament_install'
[0.072s] Level 1:colcon.colcon_core.package_identification:_identify(serve_interfaces) by extensions ['colcon_pkg']
[0.073s] Level 1:colcon.colcon_core.package_identification:_identify(serve_interfaces) by extension 'colcon_pkg'
[0.073s] Level 1:colcon.colcon_core.package_identification:_identify(serve_interfaces) by extensions ['colcon_meta']
[0.073s] Level 1:colcon.colcon_core.package_identification:_identify(serve_interfaces) by extension 'colcon_meta'
[0.073s] Level 1:colcon.colcon_core.package_identification:_identify(serve_interfaces) by extensions ['ros']
[0.073s] Level 1:colcon.colcon_core.package_identification:_identify(serve_interfaces) by extension 'ros'
[0.073s] DEBUG:colcon.colcon_core.package_identification:Package 'serve_interfaces' with type 'ros.ament_cmake' and name 'serve_interfaces'
[0.073s] Level 1:colcon.colcon_core.package_identification:_identify(serve_sensor) by extensions ['ignore', 'ignore_ament_install']
[0.073s] Level 1:colcon.colcon_core.package_identification:_identify(serve_sensor) by extension 'ignore'
[0.073s] Level 1:colcon.colcon_core.package_identification:_identify(serve_sensor) by extension 'ignore_ament_install'
[0.073s] Level 1:colcon.colcon_core.package_identification:_identify(serve_sensor) by extensions ['colcon_pkg']
[0.073s] Level 1:colcon.colcon_core.package_identification:_identify(serve_sensor) by extension 'colcon_pkg'
[0.073s] Level 1:colcon.colcon_core.package_identification:_identify(serve_sensor) by extensions ['colcon_meta']
[0.073s] Level 1:colcon.colcon_core.package_identification:_identify(serve_sensor) by extension 'colcon_meta'
[0.073s] Level 1:colcon.colcon_core.package_identification:_identify(serve_sensor) by extensions ['ros']
[0.074s] Level 1:colcon.colcon_core.package_identification:_identify(serve_sensor) by extension 'ros'
[0.074s] DEBUG:colcon.colcon_core.package_identification:Package 'serve_sensor' with type 'ros.ament_cmake' and name 'serve_sensor'
[0.074s] Level 1:colcon.colcon_core.package_discovery:discover_packages(recursive) using defaults
[0.074s] Level 1:colcon.colcon_core.package_discovery:discover_packages(ignore) discover
[0.074s] Level 1:colcon.colcon_core.package_discovery:discover_packages(ignore) using defaults
[0.074s] Level 1:colcon.colcon_core.package_discovery:discover_packages(path) discover
[0.074s] Level 1:colcon.colcon_core.package_discovery:discover_packages(path) using defaults
[0.080s] INFO:colcon.colcon_core.package_selection:Skipping not selected package 'serve_sensor' in 'serve_sensor'
[0.080s] Level 5:colcon.colcon_core.verb:set package 'serve_interfaces' build argument 'cmake_args' from command line to 'None'
[0.080s] Level 5:colcon.colcon_core.verb:set package 'serve_interfaces' build argument 'cmake_target' from command line to 'None'
[0.080s] Level 5:colcon.colcon_core.verb:set package 'serve_interfaces' build argument 'cmake_target_skip_unavailable' from command line to 'False'
[0.080s] Level 5:colcon.colcon_core.verb:set package 'serve_interfaces' build argument 'cmake_clean_cache' from command line to 'False'
[0.080s] Level 5:colcon.colcon_core.verb:set package 'serve_interfaces' build argument 'cmake_clean_first' from command line to 'False'
[0.080s] Level 5:colcon.colcon_core.verb:set package 'serve_interfaces' build argument 'cmake_force_configure' from command line to 'False'
[0.081s] Level 5:colcon.colcon_core.verb:set package 'serve_interfaces' build argument 'ament_cmake_args' from command line to 'None'
[0.081s] Level 5:colcon.colcon_core.verb:set package 'serve_interfaces' build argument 'catkin_cmake_args' from command line to 'None'
[0.081s] Level 5:colcon.colcon_core.verb:set package 'serve_interfaces' build argument 'catkin_skip_building_tests' from command line to 'False'
[0.081s] DEBUG:colcon.colcon_core.verb:Building package 'serve_interfaces' with the following arguments: {'ament_cmake_args': None, 'build_base': '/home/project/build/serve_interfaces', 'catkin_cmake_args': None, 'catkin_skip_building_tests': False, 'cmake_args': None, 'cmake_clean_cache': False, 'cmake_clean_first': False, 'cmake_force_configure': False, 'cmake_target': None, 'cmake_target_skip_unavailable': False, 'install_base': '/home/project/install/serve_interfaces', 'merge_install': False, 'path': '/home/project/serve_interfaces', 'symlink_install': False, 'test_result_base': None}
[0.081s] INFO:colcon.colcon_core.executor:Executing jobs using 'parallel' executor
[0.081s] DEBUG:colcon.colcon_parallel_executor.executor.parallel:run_until_complete
[0.081s] INFO:colcon.colcon_ros.task.ament_cmake.build:Building ROS package in '/home/project/serve_interfaces' with build type 'ament_cmake'
[0.081s] INFO:colcon.colcon_cmake.task.cmake.build:Building CMake package in '/home/project/serve_interfaces'
[0.082s] INFO:colcon.colcon_core.plugin_system:Skipping extension 'colcon_core.shell.bat': Not used on non-Windows systems
[0.082s] INFO:colcon.colcon_core.shell:Skip shell extension 'powershell' for command environment: Not usable outside of PowerShell
[0.082s] DEBUG:colcon.colcon_core.shell:Skip shell extension 'dsv' for command environment
[0.085s] DEBUG:colcon.colcon_core.event_handler.log_command:Invoking command in '/home/project/build/serve_interfaces': /usr/bin/cmake --build /home/project/build/serve_interfaces -- -j10 -l10
[0.120s] DEBUG:colcon.colcon_core.event_handler.log_command:Invoked command in '/home/project/build/serve_interfaces' returned '2': /usr/bin/cmake --build /home/project/build/serve_interfaces -- -j10 -l10
[0.120s] Level 1:colcon.colcon_core.environment:create_environment_scripts_only(serve_interfaces)
[0.121s] Level 1:colcon.colcon_core.environment:checking '/home/project/install/serve_interfaces' for CMake module files
[0.121s] Level 1:colcon.colcon_core.environment:checking '/home/project/install/serve_interfaces' for CMake config files
[0.121s] Level 1:colcon.colcon_core.shell:create_environment_hook('serve_interfaces', 'cmake_prefix_path')
[0.121s] INFO:colcon.colcon_core.shell:Creating environment hook '/home/project/install/serve_interfaces/share/serve_interfaces/hook/cmake_prefix_path.ps1'
[0.121s] INFO:colcon.colcon_core.shell:Creating environment descriptor '/home/project/install/serve_interfaces/share/serve_interfaces/hook/cmake_prefix_path.dsv'
[0.122s] INFO:colcon.colcon_core.shell:Creating environment hook '/home/project/install/serve_interfaces/share/serve_interfaces/hook/cmake_prefix_path.sh'
[0.122s] Level 1:colcon.colcon_core.environment:checking '/home/project/install/serve_interfaces/lib'
[0.122s] Level 1:colcon.colcon_core.shell:create_environment_hook('serve_interfaces', 'ld_library_path_lib')
[0.122s] INFO:colcon.colcon_core.shell:Creating environment hook '/home/project/install/serve_interfaces/share/serve_interfaces/hook/ld_library_path_lib.ps1'
[0.122s] INFO:colcon.colcon_core.shell:Creating environment descriptor '/home/project/install/serve_interfaces/share/serve_interfaces/hook/ld_library_path_lib.dsv'
[0.122s] INFO:colcon.colcon_core.shell:Creating environment hook '/home/project/install/serve_interfaces/share/serve_interfaces/hook/ld_library_path_lib.sh'
[0.122s] Level 1:colcon.colcon_core.environment:checking '/home/project/install/serve_interfaces/bin'
[0.122s] Level 1:colcon.colcon_core.environment:checking '/home/project/install/serve_interfaces/lib/pkgconfig/serve_interfaces.pc'
[0.123s] Level 1:colcon.colcon_core.environment:checking '/home/project/install/serve_interfaces/lib/python3.10/site-packages'
[0.123s] Level 1:colcon.colcon_core.environment:checking '/home/project/install/serve_interfaces/bin'
[0.123s] INFO:colcon.colcon_core.shell:Creating package script '/home/project/install/serve_interfaces/share/serve_interfaces/package.ps1'
[0.123s] INFO:colcon.colcon_core.shell:Creating package descriptor '/home/project/install/serve_interfaces/share/serve_interfaces/package.dsv'
[0.124s] INFO:colcon.colcon_core.shell:Creating package script '/home/project/install/serve_interfaces/share/serve_interfaces/package.sh'
[0.124s] INFO:colcon.colcon_core.shell:Creating package script '/home/project/install/serve_interfaces/share/serve_interfaces/package.bash'
[0.124s] INFO:colcon.colcon_core.shell:Creating package script '/home/project/install/serve_interfaces/share/serve_interfaces/package.zsh'
[0.124s] Level 1:colcon.colcon_core.environment:create_file_with_runtime_dependencies(/home/project/install/serve_interfaces/share/colcon-core/packages/serve_interfaces)
[0.136s] DEBUG:colcon.colcon_parallel_executor.executor.parallel:closing loop
[0.136s] DEBUG:colcon.colcon_parallel_executor.executor.parallel:loop closed
[0.136s] DEBUG:colcon.colcon_parallel_executor.executor.parallel:run_until_complete finished with '2'
[0.136s] DEBUG:colcon.colcon_core.event_reactor:joining thread
[0.137s] INFO:colcon.colcon_core.plugin_system:Skipping extension 'colcon_notification.desktop_notification.notify_send': Could not find 'notify-send'
[0.137s] INFO:colcon.colcon_core.plugin_system:Skipping extension 'colcon_notification.desktop_notification.terminal_notifier': Not used on non-Darwin systems
[0.138s] INFO:colcon.colcon_core.plugin_system:Skipping extension 'colcon_notification.desktop_notification.win32': Not used on non-Windows systems
[0.138s] INFO:colcon.colcon_notification.desktop_notification:Sending desktop notification using 'notify2'
[0.138s] DEBUG:colcon.colcon_notification.desktop_notification.notify2:Failed to initialize notify2: org.freedesktop.DBus.Error.NotSupported: Unable to autolaunch a dbus-daemon without a $DISPLAY for X11
[0.138s] DEBUG:colcon.colcon_core.event_reactor:joined thread
[0.138s] INFO:colcon.colcon_core.shell:Creating prefix script '/home/project/install/local_setup.ps1'
[0.138s] INFO:colcon.colcon_core.shell:Creating prefix util module '/home/project/install/_local_setup_util_ps1.py'
[0.138s] INFO:colcon.colcon_core.shell:Creating prefix chain script '/home/project/install/setup.ps1'
[0.139s] INFO:colcon.colcon_core.shell:Creating prefix script '/home/project/install/local_setup.sh'
[0.139s] INFO:colcon.colcon_core.shell:Creating prefix util module '/home/project/install/_local_setup_util_sh.py'
[0.139s] INFO:colcon.colcon_core.shell:Creating prefix chain script '/home/project/install/setup.sh'
[0.139s] INFO:colcon.colcon_core.shell:Creating prefix script '/home/project/install/local_setup.bash'
[0.139s] INFO:colcon.colcon_core.shell:Creating prefix chain script '/home/project/install/setup.bash'
[0.140s] INFO:colcon.colcon_core.shell:Creating prefix script '/home/project/install/local_setup.zsh'
[0.140s] INFO:colcon.colcon_core.shell:Creating prefix chain script '/home/project/install/setup.zsh'
