[0.043s] DEBUG:colcon:Command line arguments: ['/usr/bin/colcon', 'build', '--packages-select', 'serve_interfaces']
[0.043s] DEBUG:colcon:Parsed command line arguments: Namespace(log_base=None, log_level=None, verb_name='build', build_base='build', install_base='install', merge_install=False, symlink_install=False, test_result_base=None, continue_on_error=False, executor='parallel', parallel_workers=10, event_handlers=None, ignore_user_meta=False, metas=['./colcon.meta'], base_paths=['.'], packages_ignore=None, packages_ignore_regex=None, paths=None, packages_up_to=None, packages_up_to_regex=None, packages_above=None, packages_above_and_dependencies=None, packages_above_depth=None, packages_select_by_dep=None, packages_skip_by_dep=None, packages_skip_up_to=None, packages_select_build_failed=False, packages_skip_build_finished=False, packages_select_test_failures=False, packages_skip_test_passed=False, packages_select=['serve_interfaces'], packages_skip=None, packages_select_regex=None, packages_skip_regex=None, packages_start=None, packages_end=None, cmake_args=None, cmake_target=None, cmake_target_skip_unavailable=False, cmake_clean_cache=False, cmake_clean_first=False, cmake_force_configure=False, ament_cmake_args=None, catkin_cmake_args=None, catkin_skip_building_tests=False, mixin_files=None, mixin=None, verb_parser=<colcon_mixin.mixin.mixin_argument.MixinArgumentDecorator object at 0xffffba795f30>, verb_extension=<colcon_core.verb.build.BuildVerb object at 0xffffba9c76a0>, main=<bound method BuildVerb.main of <colcon_core.verb.build.BuildVerb object at 0xffffba9c76a0>>, mixin_verb=('build',))
[0.078s] Level 1:colcon.colcon_core.package_discovery:discover_packages(colcon_meta) check parameters
[0.079s] INFO:colcon.colcon_metadata.package_discovery.colcon_meta:Using configuration from '/root/.colcon/metadata/default/Gazebo.meta'
[0.079s] INFO:colcon.colcon_metadata.package_discovery.colcon_meta:Using configuration from '/root/.colcon/metadata/default/fastdds.meta'
[0.079s] INFO:colcon.colcon_metadata.package_discovery.colcon_meta:Using configuration from '/root/.colcon/metadata/default/fastrtps.meta'
[0.079s] Level 1:colcon.colcon_core.package_discovery:discover_packages(recursive) check parameters
[0.079s] Level 1:colcon.colcon_core.package_discovery:discover_packages(ignore) check parameters
[0.079s] Level 1:colcon.colcon_core.package_discovery:discover_packages(path) check parameters
[0.079s] Level 1:colcon.colcon_core.package_discovery:discover_packages(colcon_meta) discover
[0.079s] Level 1:colcon.colcon_core.package_discovery:discover_packages(recursive) discover
[0.079s] INFO:colcon.colcon_core.package_discovery:Crawling recursively for packages in '/home/project'
[0.079s] Level 1:colcon.colcon_core.package_identification:_identify(.) by extensions ['ignore', 'ignore_ament_install']
[0.079s] Level 1:colcon.colcon_core.package_identification:_identify(.) by extension 'ignore'
[0.079s] Level 1:colcon.colcon_core.package_identification:_identify(.) by extension 'ignore_ament_install'
[0.079s] Level 1:colcon.colcon_core.package_identification:_identify(.) by extensions ['colcon_pkg']
[0.079s] Level 1:colcon.colcon_core.package_identification:_identify(.) by extension 'colcon_pkg'
[0.079s] Level 1:colcon.colcon_core.package_identification:_identify(.) by extensions ['colcon_meta']
[0.079s] Level 1:colcon.colcon_core.package_identification:_identify(.) by extension 'colcon_meta'
[0.079s] Level 1:colcon.colcon_core.package_identification:_identify(.) by extensions ['ros']
[0.079s] Level 1:colcon.colcon_core.package_identification:_identify(.) by extension 'ros'
[0.084s] Level 1:colcon.colcon_core.package_identification:_identify(.) by extensions ['cmake', 'python']
[0.084s] Level 1:colcon.colcon_core.package_identification:_identify(.) by extension 'cmake'
[0.084s] Level 1:colcon.colcon_core.package_identification:_identify(.) by extension 'python'
[0.084s] Level 1:colcon.colcon_core.package_identification:_identify(.) by extensions ['python_setup_py']
[0.084s] Level 1:colcon.colcon_core.package_identification:_identify(.) by extension 'python_setup_py'
[0.084s] Level 1:colcon.colcon_core.package_identification:_identify(build) by extensions ['ignore', 'ignore_ament_install']
[0.084s] Level 1:colcon.colcon_core.package_identification:_identify(build) by extension 'ignore'
[0.084s] Level 1:colcon.colcon_core.package_identification:_identify(build) ignored
[0.084s] Level 1:colcon.colcon_core.package_identification:_identify(install) by extensions ['ignore', 'ignore_ament_install']
[0.084s] Level 1:colcon.colcon_core.package_identification:_identify(install) by extension 'ignore'
[0.084s] Level 1:colcon.colcon_core.package_identification:_identify(install) ignored
[0.084s] Level 1:colcon.colcon_core.package_identification:_identify(log) by extensions ['ignore', 'ignore_ament_install']
[0.084s] Level 1:colcon.colcon_core.package_identification:_identify(log) by extension 'ignore'
[0.084s] Level 1:colcon.colcon_core.package_identification:_identify(log) ignored
[0.084s] Level 1:colcon.colcon_core.package_identification:_identify(serve-sensor) by extensions ['ignore', 'ignore_ament_install']
[0.084s] Level 1:colcon.colcon_core.package_identification:_identify(serve-sensor) by extension 'ignore'
[0.084s] Level 1:colcon.colcon_core.package_identification:_identify(serve-sensor) by extension 'ignore_ament_install'
[0.084s] Level 1:colcon.colcon_core.package_identification:_identify(serve-sensor) by extensions ['colcon_pkg']
[0.084s] Level 1:colcon.colcon_core.package_identification:_identify(serve-sensor) by extension 'colcon_pkg'
[0.084s] Level 1:colcon.colcon_core.package_identification:_identify(serve-sensor) by extensions ['colcon_meta']
[0.084s] Level 1:colcon.colcon_core.package_identification:_identify(serve-sensor) by extension 'colcon_meta'
[0.084s] Level 1:colcon.colcon_core.package_identification:_identify(serve-sensor) by extensions ['ros']
[0.084s] Level 1:colcon.colcon_core.package_identification:_identify(serve-sensor) by extension 'ros'
[0.085s] DEBUG:colcon.colcon_core.package_identification:Package 'serve-sensor' with type 'ros.ament_cmake' and name 'serve-sensor'
[0.085s] Level 1:colcon.colcon_core.package_identification:_identify(serve_interfaces) by extensions ['ignore', 'ignore_ament_install']
[0.085s] Level 1:colcon.colcon_core.package_identification:_identify(serve_interfaces) by extension 'ignore'
[0.085s] Level 1:colcon.colcon_core.package_identification:_identify(serve_interfaces) by extension 'ignore_ament_install'
[0.085s] Level 1:colcon.colcon_core.package_identification:_identify(serve_interfaces) by extensions ['colcon_pkg']
[0.085s] Level 1:colcon.colcon_core.package_identification:_identify(serve_interfaces) by extension 'colcon_pkg'
[0.085s] Level 1:colcon.colcon_core.package_identification:_identify(serve_interfaces) by extensions ['colcon_meta']
[0.085s] Level 1:colcon.colcon_core.package_identification:_identify(serve_interfaces) by extension 'colcon_meta'
[0.085s] Level 1:colcon.colcon_core.package_identification:_identify(serve_interfaces) by extensions ['ros']
[0.085s] Level 1:colcon.colcon_core.package_identification:_identify(serve_interfaces) by extension 'ros'
[0.085s] DEBUG:colcon.colcon_core.package_identification:Package 'serve_interfaces' with type 'ros.ament_cmake' and name 'serve_interfaces'
[0.085s] Level 1:colcon.colcon_core.package_discovery:discover_packages(recursive) using defaults
[0.085s] Level 1:colcon.colcon_core.package_discovery:discover_packages(ignore) discover
[0.085s] Level 1:colcon.colcon_core.package_discovery:discover_packages(ignore) using defaults
[0.085s] Level 1:colcon.colcon_core.package_discovery:discover_packages(path) discover
[0.085s] Level 1:colcon.colcon_core.package_discovery:discover_packages(path) using defaults
[0.092s] INFO:colcon.colcon_core.package_selection:Skipping not selected package 'serve-sensor' in 'serve-sensor'
[0.093s] Level 5:colcon.colcon_core.verb:set package 'serve_interfaces' build argument 'cmake_args' from command line to 'None'
[0.093s] Level 5:colcon.colcon_core.verb:set package 'serve_interfaces' build argument 'cmake_target' from command line to 'None'
[0.093s] Level 5:colcon.colcon_core.verb:set package 'serve_interfaces' build argument 'cmake_target_skip_unavailable' from command line to 'False'
[0.093s] Level 5:colcon.colcon_core.verb:set package 'serve_interfaces' build argument 'cmake_clean_cache' from command line to 'False'
[0.093s] Level 5:colcon.colcon_core.verb:set package 'serve_interfaces' build argument 'cmake_clean_first' from command line to 'False'
[0.093s] Level 5:colcon.colcon_core.verb:set package 'serve_interfaces' build argument 'cmake_force_configure' from command line to 'False'
[0.093s] Level 5:colcon.colcon_core.verb:set package 'serve_interfaces' build argument 'ament_cmake_args' from command line to 'None'
[0.093s] Level 5:colcon.colcon_core.verb:set package 'serve_interfaces' build argument 'catkin_cmake_args' from command line to 'None'
[0.093s] Level 5:colcon.colcon_core.verb:set package 'serve_interfaces' build argument 'catkin_skip_building_tests' from command line to 'False'
[0.093s] DEBUG:colcon.colcon_core.verb:Building package 'serve_interfaces' with the following arguments: {'ament_cmake_args': None, 'build_base': '/home/project/build/serve_interfaces', 'catkin_cmake_args': None, 'catkin_skip_building_tests': False, 'cmake_args': None, 'cmake_clean_cache': False, 'cmake_clean_first': False, 'cmake_force_configure': False, 'cmake_target': None, 'cmake_target_skip_unavailable': False, 'install_base': '/home/project/install/serve_interfaces', 'merge_install': False, 'path': '/home/project/serve_interfaces', 'symlink_install': False, 'test_result_base': None}
[0.093s] INFO:colcon.colcon_core.executor:Executing jobs using 'parallel' executor
[0.093s] DEBUG:colcon.colcon_parallel_executor.executor.parallel:run_until_complete
[0.093s] INFO:colcon.colcon_ros.task.ament_cmake.build:Building ROS package in '/home/project/serve_interfaces' with build type 'ament_cmake'
[0.093s] INFO:colcon.colcon_cmake.task.cmake.build:Building CMake package in '/home/project/serve_interfaces'
[0.094s] INFO:colcon.colcon_core.plugin_system:Skipping extension 'colcon_core.shell.bat': Not used on non-Windows systems
[0.094s] INFO:colcon.colcon_core.shell:Skip shell extension 'powershell' for command environment: Not usable outside of PowerShell
[0.094s] DEBUG:colcon.colcon_core.shell:Skip shell extension 'dsv' for command environment
[0.097s] DEBUG:colcon.colcon_core.event_handler.log_command:Invoking command in '/home/project/build/serve_interfaces': CMAKE_PREFIX_PATH=/opt/ros/humble /usr/bin/cmake /home/project/serve_interfaces -DCMAKE_INSTALL_PREFIX=/home/project/install/serve_interfaces
[0.658s] DEBUG:colcon.colcon_core.event_handler.log_command:Invoked command in '/home/project/build/serve_interfaces' returned '0': CMAKE_PREFIX_PATH=/opt/ros/humble /usr/bin/cmake /home/project/serve_interfaces -DCMAKE_INSTALL_PREFIX=/home/project/install/serve_interfaces
[0.658s] DEBUG:colcon.colcon_core.event_handler.log_command:Invoking command in '/home/project/build/serve_interfaces': CMAKE_PREFIX_PATH=/opt/ros/humble /usr/bin/cmake --build /home/project/build/serve_interfaces -- -j10 -l10
[1.305s] DEBUG:colcon.colcon_core.event_handler.log_command:Invoked command in '/home/project/build/serve_interfaces' returned '0': CMAKE_PREFIX_PATH=/opt/ros/humble /usr/bin/cmake --build /home/project/build/serve_interfaces -- -j10 -l10
[1.309s] DEBUG:colcon.colcon_core.event_handler.log_command:Invoking command in '/home/project/build/serve_interfaces': CMAKE_PREFIX_PATH=/opt/ros/humble /usr/bin/cmake --install /home/project/build/serve_interfaces
[1.332s] Level 1:colcon.colcon_core.environment:create_environment_scripts_only(serve_interfaces)
[1.332s] DEBUG:colcon.colcon_core.event_handler.log_command:Invoked command in '/home/project/build/serve_interfaces' returned '0': CMAKE_PREFIX_PATH=/opt/ros/humble /usr/bin/cmake --install /home/project/build/serve_interfaces
[1.333s] Level 1:colcon.colcon_core.environment:checking '/home/project/install/serve_interfaces' for CMake module files
[1.333s] Level 1:colcon.colcon_core.environment:checking '/home/project/install/serve_interfaces' for CMake config files
[1.333s] Level 1:colcon.colcon_core.shell:create_environment_hook('serve_interfaces', 'cmake_prefix_path')
[1.333s] INFO:colcon.colcon_core.shell:Creating environment hook '/home/project/install/serve_interfaces/share/serve_interfaces/hook/cmake_prefix_path.ps1'
[1.333s] INFO:colcon.colcon_core.shell:Creating environment descriptor '/home/project/install/serve_interfaces/share/serve_interfaces/hook/cmake_prefix_path.dsv'
[1.334s] INFO:colcon.colcon_core.shell:Creating environment hook '/home/project/install/serve_interfaces/share/serve_interfaces/hook/cmake_prefix_path.sh'
[1.334s] Level 1:colcon.colcon_core.environment:checking '/home/project/install/serve_interfaces/lib'
[1.334s] Level 1:colcon.colcon_core.shell:create_environment_hook('serve_interfaces', 'ld_library_path_lib')
[1.334s] INFO:colcon.colcon_core.shell:Creating environment hook '/home/project/install/serve_interfaces/share/serve_interfaces/hook/ld_library_path_lib.ps1'
[1.334s] INFO:colcon.colcon_core.shell:Creating environment descriptor '/home/project/install/serve_interfaces/share/serve_interfaces/hook/ld_library_path_lib.dsv'
[1.334s] INFO:colcon.colcon_core.shell:Creating environment hook '/home/project/install/serve_interfaces/share/serve_interfaces/hook/ld_library_path_lib.sh'
[1.334s] Level 1:colcon.colcon_core.environment:checking '/home/project/install/serve_interfaces/bin'
[1.334s] Level 1:colcon.colcon_core.environment:checking '/home/project/install/serve_interfaces/lib/pkgconfig/serve_interfaces.pc'
[1.335s] Level 1:colcon.colcon_core.environment:checking '/home/project/install/serve_interfaces/lib/python3.10/site-packages'
[1.335s] Level 1:colcon.colcon_core.environment:checking '/home/project/install/serve_interfaces/bin'
[1.335s] INFO:colcon.colcon_core.shell:Creating package script '/home/project/install/serve_interfaces/share/serve_interfaces/package.ps1'
[1.336s] INFO:colcon.colcon_core.shell:Creating package descriptor '/home/project/install/serve_interfaces/share/serve_interfaces/package.dsv'
[1.336s] INFO:colcon.colcon_core.shell:Creating package script '/home/project/install/serve_interfaces/share/serve_interfaces/package.sh'
[1.336s] INFO:colcon.colcon_core.shell:Creating package script '/home/project/install/serve_interfaces/share/serve_interfaces/package.bash'
[1.336s] INFO:colcon.colcon_core.shell:Creating package script '/home/project/install/serve_interfaces/share/serve_interfaces/package.zsh'
[1.337s] Level 1:colcon.colcon_core.environment:create_file_with_runtime_dependencies(/home/project/install/serve_interfaces/share/colcon-core/packages/serve_interfaces)
[1.337s] Level 1:colcon.colcon_core.environment:create_environment_scripts_only(serve_interfaces)
[1.337s] Level 1:colcon.colcon_core.environment:checking '/home/project/install/serve_interfaces' for CMake module files
[1.337s] Level 1:colcon.colcon_core.environment:checking '/home/project/install/serve_interfaces' for CMake config files
[1.337s] Level 1:colcon.colcon_core.shell:create_environment_hook('serve_interfaces', 'cmake_prefix_path')
[1.337s] INFO:colcon.colcon_core.shell:Creating environment hook '/home/project/install/serve_interfaces/share/serve_interfaces/hook/cmake_prefix_path.ps1'
[1.338s] INFO:colcon.colcon_core.shell:Creating environment descriptor '/home/project/install/serve_interfaces/share/serve_interfaces/hook/cmake_prefix_path.dsv'
[1.338s] INFO:colcon.colcon_core.shell:Creating environment hook '/home/project/install/serve_interfaces/share/serve_interfaces/hook/cmake_prefix_path.sh'
[1.338s] Level 1:colcon.colcon_core.environment:checking '/home/project/install/serve_interfaces/lib'
[1.338s] Level 1:colcon.colcon_core.shell:create_environment_hook('serve_interfaces', 'ld_library_path_lib')
[1.338s] INFO:colcon.colcon_core.shell:Creating environment hook '/home/project/install/serve_interfaces/share/serve_interfaces/hook/ld_library_path_lib.ps1'
[1.338s] INFO:colcon.colcon_core.shell:Creating environment descriptor '/home/project/install/serve_interfaces/share/serve_interfaces/hook/ld_library_path_lib.dsv'
[1.338s] INFO:colcon.colcon_core.shell:Creating environment hook '/home/project/install/serve_interfaces/share/serve_interfaces/hook/ld_library_path_lib.sh'
[1.338s] Level 1:colcon.colcon_core.environment:checking '/home/project/install/serve_interfaces/bin'
[1.338s] Level 1:colcon.colcon_core.environment:checking '/home/project/install/serve_interfaces/lib/pkgconfig/serve_interfaces.pc'
[1.339s] Level 1:colcon.colcon_core.environment:checking '/home/project/install/serve_interfaces/lib/python3.10/site-packages'
[1.339s] Level 1:colcon.colcon_core.environment:checking '/home/project/install/serve_interfaces/bin'
[1.339s] INFO:colcon.colcon_core.shell:Creating package script '/home/project/install/serve_interfaces/share/serve_interfaces/package.ps1'
[1.339s] INFO:colcon.colcon_core.shell:Creating package descriptor '/home/project/install/serve_interfaces/share/serve_interfaces/package.dsv'
[1.339s] INFO:colcon.colcon_core.shell:Creating package script '/home/project/install/serve_interfaces/share/serve_interfaces/package.sh'
[1.339s] INFO:colcon.colcon_core.shell:Creating package script '/home/project/install/serve_interfaces/share/serve_interfaces/package.bash'
[1.339s] INFO:colcon.colcon_core.shell:Creating package script '/home/project/install/serve_interfaces/share/serve_interfaces/package.zsh'
[1.340s] Level 1:colcon.colcon_core.environment:create_file_with_runtime_dependencies(/home/project/install/serve_interfaces/share/colcon-core/packages/serve_interfaces)
[1.340s] DEBUG:colcon.colcon_parallel_executor.executor.parallel:closing loop
[1.340s] DEBUG:colcon.colcon_parallel_executor.executor.parallel:loop closed
[1.340s] DEBUG:colcon.colcon_parallel_executor.executor.parallel:run_until_complete finished with '0'
[1.340s] DEBUG:colcon.colcon_core.event_reactor:joining thread
[1.342s] INFO:colcon.colcon_core.plugin_system:Skipping extension 'colcon_notification.desktop_notification.notify_send': Could not find 'notify-send'
[1.342s] INFO:colcon.colcon_core.plugin_system:Skipping extension 'colcon_notification.desktop_notification.terminal_notifier': Not used on non-Darwin systems
[1.342s] INFO:colcon.colcon_core.plugin_system:Skipping extension 'colcon_notification.desktop_notification.win32': Not used on non-Windows systems
[1.342s] INFO:colcon.colcon_notification.desktop_notification:Sending desktop notification using 'notify2'
[1.342s] DEBUG:colcon.colcon_notification.desktop_notification.notify2:Failed to initialize notify2: org.freedesktop.DBus.Error.NotSupported: Unable to autolaunch a dbus-daemon without a $DISPLAY for X11
[1.342s] DEBUG:colcon.colcon_core.event_reactor:joined thread
[1.342s] INFO:colcon.colcon_core.shell:Creating prefix script '/home/project/install/local_setup.ps1'
[1.342s] INFO:colcon.colcon_core.shell:Creating prefix util module '/home/project/install/_local_setup_util_ps1.py'
[1.343s] INFO:colcon.colcon_core.shell:Creating prefix chain script '/home/project/install/setup.ps1'
[1.343s] INFO:colcon.colcon_core.shell:Creating prefix script '/home/project/install/local_setup.sh'
[1.343s] INFO:colcon.colcon_core.shell:Creating prefix util module '/home/project/install/_local_setup_util_sh.py'
[1.343s] INFO:colcon.colcon_core.shell:Creating prefix chain script '/home/project/install/setup.sh'
[1.344s] INFO:colcon.colcon_core.shell:Creating prefix script '/home/project/install/local_setup.bash'
[1.344s] INFO:colcon.colcon_core.shell:Creating prefix chain script '/home/project/install/setup.bash'
[1.344s] INFO:colcon.colcon_core.shell:Creating prefix script '/home/project/install/local_setup.zsh'
[1.344s] INFO:colcon.colcon_core.shell:Creating prefix chain script '/home/project/install/setup.zsh'
